This file contains any messages produced by compilers while
running configure, to aid debugging if configure makes a mistake.

It was created by pidgin configure 3.0.0devel, which was
generated by GNU Autoconf 2.69.  Invocation command line was

  $ ./configure 

## --------- ##
## Platform. ##
## --------- ##

hostname = test
uname -m = x86_64
uname -r = 4.8.8-pf
uname -s = Linux
uname -v = #1 SMP PREEMPT Tue Nov 29 01:50:23 UTC 2016

/usr/bin/uname -p = unknown
/bin/uname -X     = unknown

/bin/arch              = unknown
/usr/bin/arch -k       = unknown
/usr/convex/getsysinfo = unknown
/usr/bin/hostinfo      = unknown
/bin/machine           = unknown
/usr/bin/oslevel       = unknown
/bin/universe          = unknown

PATH: /usr/lib/hardening-wrapper/bin
PATH: /usr/local/bin
PATH: /usr/bin
PATH: /usr/lib/jvm/default/bin
PATH: /usr/bin/site_perl
PATH: /usr/bin/vendor_perl
PATH: /usr/bin/core_perl


## ----------- ##
## Core tests. ##
## ----------- ##

configure:3427: checking build system type
configure:3441: result: x86_64-unknown-linux-gnu
configure:3461: checking host system type
configure:3474: result: x86_64-unknown-linux-gnu
configure:3513: checking for a BSD-compatible install
configure:3581: result: /usr/bin/install -c
configure:3592: checking whether build environment is sane
configure:3647: result: yes
configure:3798: checking for a thread-safe mkdir -p
configure:3837: result: /usr/bin/mkdir -p
configure:3844: checking for gawk
configure:3860: found /usr/bin/gawk
configure:3871: result: gawk
configure:3882: checking whether make sets $(MAKE)
configure:3904: result: yes
configure:3933: checking whether make supports nested variables
configure:3950: result: yes
configure:4087: checking whether make supports nested variables
configure:4104: result: yes
configure:4146: checking for sed
configure:4164: found /usr/bin/sed
configure:4176: result: /usr/bin/sed
configure:4186: checking for xxd
configure:4219: result: no
configure:4279: checking for gcc
configure:4295: found /usr/lib/hardening-wrapper/bin/gcc
configure:4306: result: gcc
configure:4535: checking for C compiler version
configure:4544: gcc --version >&5
gcc (GCC) 6.2.1 20160830
Copyright (C) 2016 Free Software Foundation, Inc.
This is free software; see the source for copying conditions.  There is NO
warranty; not even for MERCHANTABILITY or FITNESS FOR A PARTICULAR PURPOSE.

configure:4555: $? = 0
configure:4544: gcc -v >&5
Using built-in specs.
COLLECT_GCC=/usr/bin/gcc
COLLECT_LTO_WRAPPER=/usr/lib/gcc/x86_64-pc-linux-gnu/6.2.1/lto-wrapper
Target: x86_64-pc-linux-gnu
Configured with: /build/gcc/src/gcc/configure --prefix=/usr --libdir=/usr/lib --libexecdir=/usr/lib --mandir=/usr/share/man --infodir=/usr/share/info --with-bugurl=https://bugs.archlinux.org/ --enable-languages=c,c++,ada,fortran,go,lto,objc,obj-c++ --enable-shared --enable-threads=posix --enable-libmpx --with-system-zlib --with-isl --enable-__cxa_atexit --disable-libunwind-exceptions --enable-clocale=gnu --disable-libstdcxx-pch --disable-libssp --enable-gnu-unique-object --enable-linker-build-id --enable-lto --enable-plugin --enable-install-libiberty --with-linker-hash-style=gnu --enable-gnu-indirect-function --disable-multilib --disable-werror --enable-checking=release
Thread model: posix
gcc version 6.2.1 20160830 (GCC) 
configure:4555: $? = 0
configure:4544: gcc -V >&5
gcc: error: unrecognized command line option '-V'
gcc: fatal error: no input files
compilation terminated.
configure:4555: $? = 1
configure:4544: gcc -qversion >&5
gcc: error: unrecognized command line option '-qversion'; did you mean '--version'?
gcc: fatal error: no input files
compilation terminated.
configure:4555: $? = 1
configure:4575: checking whether the C compiler works
configure:4597: gcc    conftest.c  >&5
configure:4601: $? = 0
configure:4649: result: yes
configure:4652: checking for C compiler default output file name
configure:4654: result: a.out
configure:4660: checking for suffix of executables
configure:4667: gcc -o conftest    conftest.c  >&5
configure:4671: $? = 0
configure:4693: result: 
configure:4715: checking whether we are cross compiling
configure:4723: gcc -o conftest    conftest.c  >&5
configure:4727: $? = 0
configure:4734: ./conftest
configure:4738: $? = 0
configure:4753: result: no
configure:4758: checking for suffix of object files
configure:4780: gcc -c   conftest.c >&5
configure:4784: $? = 0
configure:4805: result: o
configure:4809: checking whether we are using the GNU C compiler
configure:4828: gcc -c   conftest.c >&5
configure:4828: $? = 0
configure:4837: result: yes
configure:4846: checking whether gcc accepts -g
configure:4866: gcc -c -g  conftest.c >&5
configure:4866: $? = 0
configure:4907: result: yes
configure:4924: checking for gcc option to accept ISO C89
configure:4987: gcc  -c -g -O2  conftest.c >&5
configure:4987: $? = 0
configure:5000: result: none needed
configure:5025: checking whether gcc understands -c and -o together
configure:5047: gcc -c conftest.c -o conftest2.o
configure:5050: $? = 0
configure:5047: gcc -c conftest.c -o conftest2.o
configure:5050: $? = 0
configure:5062: result: yes
configure:5090: checking for style of include used by make
configure:5118: result: GNU
configure:5144: checking dependency style of gcc
configure:5255: result: gcc3
configure:5329: checking for g++
configure:5345: found /usr/lib/hardening-wrapper/bin/g++
configure:5356: result: g++
configure:5383: checking for C++ compiler version
configure:5392: g++ --version >&5
g++ (GCC) 6.2.1 20160830
Copyright (C) 2016 Free Software Foundation, Inc.
This is free software; see the source for copying conditions.  There is NO
warranty; not even for MERCHANTABILITY or FITNESS FOR A PARTICULAR PURPOSE.

configure:5403: $? = 0
configure:5392: g++ -v >&5
Using built-in specs.
COLLECT_GCC=/usr/bin/g++
COLLECT_LTO_WRAPPER=/usr/lib/gcc/x86_64-pc-linux-gnu/6.2.1/lto-wrapper
Target: x86_64-pc-linux-gnu
Configured with: /build/gcc/src/gcc/configure --prefix=/usr --libdir=/usr/lib --libexecdir=/usr/lib --mandir=/usr/share/man --infodir=/usr/share/info --with-bugurl=https://bugs.archlinux.org/ --enable-languages=c,c++,ada,fortran,go,lto,objc,obj-c++ --enable-shared --enable-threads=posix --enable-libmpx --with-system-zlib --with-isl --enable-__cxa_atexit --disable-libunwind-exceptions --enable-clocale=gnu --disable-libstdcxx-pch --disable-libssp --enable-gnu-unique-object --enable-linker-build-id --enable-lto --enable-plugin --enable-install-libiberty --with-linker-hash-style=gnu --enable-gnu-indirect-function --disable-multilib --disable-werror --enable-checking=release
Thread model: posix
gcc version 6.2.1 20160830 (GCC) 
configure:5403: $? = 0
configure:5392: g++ -V >&5
g++: error: unrecognized command line option '-V'
g++: fatal error: no input files
compilation terminated.
configure:5403: $? = 1
configure:5392: g++ -qversion >&5
g++: error: unrecognized command line option '-qversion'; did you mean '--version'?
g++: fatal error: no input files
compilation terminated.
configure:5403: $? = 1
configure:5407: checking whether we are using the GNU C++ compiler
configure:5426: g++ -c   conftest.cpp >&5
configure:5426: $? = 0
configure:5435: result: yes
configure:5444: checking whether g++ accepts -g
configure:5464: g++ -c -g  conftest.cpp >&5
configure:5464: $? = 0
configure:5505: result: yes
configure:5530: checking dependency style of g++
configure:5641: result: gcc3
configure:5703: checking how to print strings
configure:5730: result: printf
configure:5751: checking for a sed that does not truncate output
configure:5815: result: /usr/bin/sed
configure:5833: checking for grep that handles long lines and -e
configure:5891: result: /usr/bin/grep
configure:5896: checking for egrep
configure:5958: result: /usr/bin/grep -E
configure:5963: checking for fgrep
configure:6025: result: /usr/bin/grep -F
configure:6060: checking for ld used by gcc
configure:6127: result: /usr/lib/hardening-wrapper/bin/ld
configure:6134: checking if the linker (/usr/lib/hardening-wrapper/bin/ld) is GNU ld
configure:6149: result: yes
configure:6161: checking for BSD- or MS-compatible name lister (nm)
configure:6215: result: /usr/bin/nm -B
configure:6345: checking the name lister (/usr/bin/nm -B) interface
configure:6352: gcc -c -g -O2  conftest.c >&5
configure:6355: /usr/bin/nm -B "conftest.o"
configure:6358: output
0000000000000000 B some_variable
configure:6365: result: BSD nm
configure:6368: checking whether ln -s works
configure:6372: result: yes
configure:6380: checking the maximum length of command line arguments
configure:6511: result: 1572864
configure:6559: checking how to convert x86_64-unknown-linux-gnu file names to x86_64-unknown-linux-gnu format
configure:6599: result: func_convert_file_noop
configure:6606: checking how to convert x86_64-unknown-linux-gnu file names to toolchain format
configure:6626: result: func_convert_file_noop
configure:6633: checking for /usr/lib/hardening-wrapper/bin/ld option to reload object files
configure:6640: result: -r
configure:6714: checking for objdump
configure:6730: found /usr/bin/objdump
configure:6741: result: objdump
configure:6773: checking how to recognize dependent libraries
configure:6973: result: pass_all
configure:7058: checking for dlltool
configure:7088: result: no
configure:7118: checking how to associate runtime and link libraries
configure:7145: result: printf %s\n
configure:7206: checking for ar
configure:7222: found /usr/bin/ar
configure:7233: result: ar
configure:7270: checking for archiver @FILE support
configure:7287: gcc -c -g -O2  conftest.c >&5
configure:7287: $? = 0
configure:7290: ar cru libconftest.a @conftest.lst >&5
ar: `u' modifier ignored since `D' is the default (see `U')
configure:7293: $? = 0
configure:7298: ar cru libconftest.a @conftest.lst >&5
ar: `u' modifier ignored since `D' is the default (see `U')
ar: conftest.o: No such file or directory
configure:7301: $? = 1
configure:7313: result: @
configure:7371: checking for strip
configure:7387: found /usr/bin/strip
configure:7398: result: strip
configure:7470: checking for ranlib
configure:7486: found /usr/bin/ranlib
configure:7497: result: ranlib
configure:7599: checking command to parse /usr/bin/nm -B output from gcc object
configure:7752: gcc -c -g -O2  conftest.c >&5
configure:7755: $? = 0
configure:7759: /usr/bin/nm -B conftest.o \| sed -n -e 's/^.*[ ]\([ABCDGIRSTW][ABCDGIRSTW]*\)[ ][ ]*\([_A-Za-z][_A-Za-z0-9]*\)$/\1 \2 \2/p' | sed '/ __gnu_lto/d' \> conftest.nm
configure:7762: $? = 0
configure:7828: gcc -o conftest -g -O2   conftest.c conftstm.o >&5
configure:7831: $? = 0
configure:7869: result: ok
configure:7916: checking for sysroot
configure:7946: result: no
configure:7953: checking for a working dd
configure:7991: result: /usr/bin/dd
configure:7995: checking how to truncate binary pipes
configure:8010: result: /usr/bin/dd bs=4096 count=1
configure:8146: gcc -c -g -O2  conftest.c >&5
configure:8149: $? = 0
configure:8339: checking for mt
configure:8369: result: no
configure:8389: checking if : is a manifest tool
configure:8395: : '-?'
configure:8403: result: no
configure:9080: checking how to run the C preprocessor
configure:9111: gcc -E  conftest.c
configure:9111: $? = 0
configure:9125: gcc -E  conftest.c
conftest.c:12:28: fatal error: ac_nonexistent.h: No such file or directory
 #include <ac_nonexistent.h>
                            ^
compilation terminated.
configure:9125: $? = 1
configure: failed program was:
| /* confdefs.h */
| #define PACKAGE_NAME "pidgin"
| #define PACKAGE_TARNAME "pidgin"
| #define PACKAGE_VERSION "3.0.0devel"
| #define PACKAGE_STRING "pidgin 3.0.0devel"
| #define PACKAGE_BUGREPORT "devel@pidgin.im"
| #define PACKAGE_URL ""
| #define PACKAGE "pidgin"
| #define VERSION "3.0.0devel"
| #define CONFIG_ARGS ""
| /* end confdefs.h.  */
| #include <ac_nonexistent.h>
configure:9150: result: gcc -E
configure:9170: gcc -E  conftest.c
configure:9170: $? = 0
configure:9184: gcc -E  conftest.c
conftest.c:12:28: fatal error: ac_nonexistent.h: No such file or directory
 #include <ac_nonexistent.h>
                            ^
compilation terminated.
configure:9184: $? = 1
configure: failed program was:
| /* confdefs.h */
| #define PACKAGE_NAME "pidgin"
| #define PACKAGE_TARNAME "pidgin"
| #define PACKAGE_VERSION "3.0.0devel"
| #define PACKAGE_STRING "pidgin 3.0.0devel"
| #define PACKAGE_BUGREPORT "devel@pidgin.im"
| #define PACKAGE_URL ""
| #define PACKAGE "pidgin"
| #define VERSION "3.0.0devel"
| #define CONFIG_ARGS ""
| /* end confdefs.h.  */
| #include <ac_nonexistent.h>
configure:9213: checking for ANSI C header files
configure:9233: gcc -c -g -O2  conftest.c >&5
configure:9233: $? = 0
configure:9306: gcc -o conftest -g -O2   conftest.c  >&5
configure:9306: $? = 0
configure:9306: ./conftest
configure:9306: $? = 0
configure:9317: result: yes
configure:9330: checking for sys/types.h
configure:9330: gcc -c -g -O2  conftest.c >&5
configure:9330: $? = 0
configure:9330: result: yes
configure:9330: checking for sys/stat.h
configure:9330: gcc -c -g -O2  conftest.c >&5
configure:9330: $? = 0
configure:9330: result: yes
configure:9330: checking for stdlib.h
configure:9330: gcc -c -g -O2  conftest.c >&5
configure:9330: $? = 0
configure:9330: result: yes
configure:9330: checking for string.h
configure:9330: gcc -c -g -O2  conftest.c >&5
configure:9330: $? = 0
configure:9330: result: yes
configure:9330: checking for memory.h
configure:9330: gcc -c -g -O2  conftest.c >&5
configure:9330: $? = 0
configure:9330: result: yes
configure:9330: checking for strings.h
configure:9330: gcc -c -g -O2  conftest.c >&5
configure:9330: $? = 0
configure:9330: result: yes
configure:9330: checking for inttypes.h
configure:9330: gcc -c -g -O2  conftest.c >&5
configure:9330: $? = 0
configure:9330: result: yes
configure:9330: checking for stdint.h
configure:9330: gcc -c -g -O2  conftest.c >&5
configure:9330: $? = 0
configure:9330: result: yes
configure:9330: checking for unistd.h
configure:9330: gcc -c -g -O2  conftest.c >&5
configure:9330: $? = 0
configure:9330: result: yes
configure:9344: checking for dlfcn.h
configure:9344: gcc -c -g -O2  conftest.c >&5
configure:9344: $? = 0
configure:9344: result: yes
configure:9610: checking for objdir
configure:9625: result: .libs
configure:9889: checking if gcc supports -fno-rtti -fno-exceptions
configure:9907: gcc -c -g -O2  -fno-rtti -fno-exceptions conftest.c >&5
cc1: warning: command line option '-fno-rtti' is valid for C++/ObjC++ but not for C
configure:9911: $? = 0
configure:9924: result: no
configure:10282: checking for gcc option to produce PIC
configure:10289: result: -fPIC -DPIC
configure:10297: checking if gcc PIC flag -fPIC -DPIC works
configure:10315: gcc -c -g -O2  -fPIC -DPIC -DPIC conftest.c >&5
configure:10319: $? = 0
configure:10332: result: yes
configure:10361: checking if gcc static flag -static works
configure:10389: result: yes
configure:10404: checking if gcc supports -c -o file.o
configure:10425: gcc -c -g -O2  -o out/conftest2.o conftest.c >&5
configure:10429: $? = 0
configure:10451: result: yes
configure:10459: checking if gcc supports -c -o file.o
configure:10506: result: yes
configure:10539: checking whether the gcc linker (/usr/lib/hardening-wrapper/bin/ld -m elf_x86_64) supports shared libraries
configure:11798: result: yes
configure:11835: checking whether -lc should be explicitly linked in
configure:11843: gcc -c -g -O2  conftest.c >&5
configure:11846: $? = 0
configure:11861: gcc -shared  -fPIC -DPIC conftest.o  -v -Wl,-soname -Wl,conftest -o conftest 2\>\&1 \| /usr/bin/grep  -lc  \>/dev/null 2\>\&1
configure:11864: $? = 0
configure:11878: result: no
configure:12038: checking dynamic linker characteristics
configure:12619: gcc -o conftest -g -O2   -Wl,-rpath -Wl,/foo conftest.c  >&5
configure:12619: $? = 0
configure:12856: result: GNU/Linux ld.so
configure:12978: checking how to hardcode library paths into programs
configure:13003: result: immediate
configure:13551: checking whether stripping libraries is possible
configure:13556: result: yes
configure:13591: checking if libtool supports shared libraries
configure:13593: result: yes
configure:13596: checking whether to build shared libraries
configure:13621: result: yes
configure:13624: checking whether to build static libraries
configure:13628: result: no
configure:13651: checking how to run the C++ preprocessor
configure:13678: g++ -E  conftest.cpp
configure:13678: $? = 0
configure:13692: g++ -E  conftest.cpp
conftest.cpp:24:28: fatal error: ac_nonexistent.h: No such file or directory
 #include <ac_nonexistent.h>
                            ^
compilation terminated.
configure:13692: $? = 1
configure: failed program was:
| /* confdefs.h */
| #define PACKAGE_NAME "pidgin"
| #define PACKAGE_TARNAME "pidgin"
| #define PACKAGE_VERSION "3.0.0devel"
| #define PACKAGE_STRING "pidgin 3.0.0devel"
| #define PACKAGE_BUGREPORT "devel@pidgin.im"
| #define PACKAGE_URL ""
| #define PACKAGE "pidgin"
| #define VERSION "3.0.0devel"
| #define CONFIG_ARGS ""
| #define STDC_HEADERS 1
| #define HAVE_SYS_TYPES_H 1
| #define HAVE_SYS_STAT_H 1
| #define HAVE_STDLIB_H 1
| #define HAVE_STRING_H 1
| #define HAVE_MEMORY_H 1
| #define HAVE_STRINGS_H 1
| #define HAVE_INTTYPES_H 1
| #define HAVE_STDINT_H 1
| #define HAVE_UNISTD_H 1
| #define HAVE_DLFCN_H 1
| #define LT_OBJDIR ".libs/"
| /* end confdefs.h.  */
| #include <ac_nonexistent.h>
configure:13717: result: g++ -E
configure:13737: g++ -E  conftest.cpp
configure:13737: $? = 0
configure:13751: g++ -E  conftest.cpp
conftest.cpp:24:28: fatal error: ac_nonexistent.h: No such file or directory
 #include <ac_nonexistent.h>
                            ^
compilation terminated.
configure:13751: $? = 1
configure: failed program was:
| /* confdefs.h */
| #define PACKAGE_NAME "pidgin"
| #define PACKAGE_TARNAME "pidgin"
| #define PACKAGE_VERSION "3.0.0devel"
| #define PACKAGE_STRING "pidgin 3.0.0devel"
| #define PACKAGE_BUGREPORT "devel@pidgin.im"
| #define PACKAGE_URL ""
| #define PACKAGE "pidgin"
| #define VERSION "3.0.0devel"
| #define CONFIG_ARGS ""
| #define STDC_HEADERS 1
| #define HAVE_SYS_TYPES_H 1
| #define HAVE_SYS_STAT_H 1
| #define HAVE_STDLIB_H 1
| #define HAVE_STRING_H 1
| #define HAVE_MEMORY_H 1
| #define HAVE_STRINGS_H 1
| #define HAVE_INTTYPES_H 1
| #define HAVE_STDINT_H 1
| #define HAVE_UNISTD_H 1
| #define HAVE_DLFCN_H 1
| #define LT_OBJDIR ".libs/"
| /* end confdefs.h.  */
| #include <ac_nonexistent.h>
configure:13913: checking for ld used by g++
configure:13980: result: /usr/lib/hardening-wrapper/bin/ld -m elf_x86_64
configure:13987: checking if the linker (/usr/lib/hardening-wrapper/bin/ld -m elf_x86_64) is GNU ld
configure:14002: result: yes
configure:14057: checking whether the g++ linker (/usr/lib/hardening-wrapper/bin/ld -m elf_x86_64) supports shared libraries
configure:15130: result: yes
configure:15166: g++ -c -g -O2  conftest.cpp >&5
configure:15169: $? = 0
configure:15650: checking for g++ option to produce PIC
configure:15657: result: -fPIC -DPIC
configure:15665: checking if g++ PIC flag -fPIC -DPIC works
configure:15683: g++ -c -g -O2  -fPIC -DPIC -DPIC conftest.cpp >&5
configure:15687: $? = 0
configure:15700: result: yes
configure:15723: checking if g++ static flag -static works
configure:15751: result: yes
configure:15763: checking if g++ supports -c -o file.o
configure:15784: g++ -c -g -O2  -o out/conftest2.o conftest.cpp >&5
configure:15788: $? = 0
configure:15810: result: yes
configure:15815: checking if g++ supports -c -o file.o
configure:15862: result: yes
configure:15892: checking whether the g++ linker (/usr/lib/hardening-wrapper/bin/ld -m elf_x86_64) supports shared libraries
configure:15932: result: yes
configure:16073: checking dynamic linker characteristics
configure:16818: result: GNU/Linux ld.so
configure:16883: checking how to hardcode library paths into programs
configure:16908: result: immediate
configure:17024: checking for pkg-config
configure:17042: found /usr/bin/pkg-config
configure:17054: result: /usr/bin/pkg-config
configure:17079: checking pkg-config is at least version 0.9.0
configure:17082: result: yes
configure:17090: checking for size_t
configure:17090: gcc -c -g -O2  conftest.c >&5
configure:17090: $? = 0
configure:17090: gcc -c -g -O2  conftest.c >&5
conftest.c: In function 'main':
conftest.c:60:21: error: expected expression before ')' token
 if (sizeof ((size_t)))
                     ^
configure:17090: $? = 1
configure: failed program was:
| /* confdefs.h */
| #define PACKAGE_NAME "pidgin"
| #define PACKAGE_TARNAME "pidgin"
| #define PACKAGE_VERSION "3.0.0devel"
| #define PACKAGE_STRING "pidgin 3.0.0devel"
| #define PACKAGE_BUGREPORT "devel@pidgin.im"
| #define PACKAGE_URL ""
| #define PACKAGE "pidgin"
| #define VERSION "3.0.0devel"
| #define CONFIG_ARGS ""
| #define STDC_HEADERS 1
| #define HAVE_SYS_TYPES_H 1
| #define HAVE_SYS_STAT_H 1
| #define HAVE_STDLIB_H 1
| #define HAVE_STRING_H 1
| #define HAVE_MEMORY_H 1
| #define HAVE_STRINGS_H 1
| #define HAVE_INTTYPES_H 1
| #define HAVE_STDINT_H 1
| #define HAVE_UNISTD_H 1
| #define HAVE_DLFCN_H 1
| #define LT_OBJDIR ".libs/"
| /* end confdefs.h.  */
| #include <stdio.h>
| #ifdef HAVE_SYS_TYPES_H
| # include <sys/types.h>
| #endif
| #ifdef HAVE_SYS_STAT_H
| # include <sys/stat.h>
| #endif
| #ifdef STDC_HEADERS
| # include <stdlib.h>
| # include <stddef.h>
| #else
| # ifdef HAVE_STDLIB_H
| #  include <stdlib.h>
| # endif
| #endif
| #ifdef HAVE_STRING_H
| # if !defined STDC_HEADERS && defined HAVE_MEMORY_H
| #  include <memory.h>
| # endif
| # include <string.h>
| #endif
| #ifdef HAVE_STRINGS_H
| # include <strings.h>
| #endif
| #ifdef HAVE_INTTYPES_H
| # include <inttypes.h>
| #endif
| #ifdef HAVE_STDINT_H
| # include <stdint.h>
| #endif
| #ifdef HAVE_UNISTD_H
| # include <unistd.h>
| #endif
| int
| main ()
| {
| if (sizeof ((size_t)))
| 	    return 0;
|   ;
|   return 0;
| }
configure:17090: result: yes
configure:17103: checking for working alloca.h
configure:17120: gcc -o conftest -g -O2   conftest.c  >&5
configure:17120: $? = 0
configure:17128: result: yes
configure:17136: checking for alloca
configure:17173: gcc -o conftest -g -O2   conftest.c  >&5
configure:17173: $? = 0
configure:17181: result: yes
configure:17288: checking whether __SUNPRO_C is declared
configure:17288: gcc -c -g -O2  conftest.c >&5
conftest.c: In function 'main':
conftest.c:66:10: error: '__SUNPRO_C' undeclared (first use in this function)
   (void) __SUNPRO_C;
          ^~~~~~~~~~
conftest.c:66:10: note: each undeclared identifier is reported only once for each function it appears in
configure:17288: $? = 1
configure: failed program was:
| /* confdefs.h */
| #define PACKAGE_NAME "pidgin"
| #define PACKAGE_TARNAME "pidgin"
| #define PACKAGE_VERSION "3.0.0devel"
| #define PACKAGE_STRING "pidgin 3.0.0devel"
| #define PACKAGE_BUGREPORT "devel@pidgin.im"
| #define PACKAGE_URL ""
| #define PACKAGE "pidgin"
| #define VERSION "3.0.0devel"
| #define CONFIG_ARGS ""
| #define STDC_HEADERS 1
| #define HAVE_SYS_TYPES_H 1
| #define HAVE_SYS_STAT_H 1
| #define HAVE_STDLIB_H 1
| #define HAVE_STRING_H 1
| #define HAVE_MEMORY_H 1
| #define HAVE_STRINGS_H 1
| #define HAVE_INTTYPES_H 1
| #define HAVE_STDINT_H 1
| #define HAVE_UNISTD_H 1
| #define HAVE_DLFCN_H 1
| #define LT_OBJDIR ".libs/"
| #define HAVE_ALLOCA_H 1
| #define HAVE_ALLOCA 1
| /* end confdefs.h.  */
| #include <stdio.h>
| #ifdef HAVE_SYS_TYPES_H
| # include <sys/types.h>
| #endif
| #ifdef HAVE_SYS_STAT_H
| # include <sys/stat.h>
| #endif
| #ifdef STDC_HEADERS
| # include <stdlib.h>
| # include <stddef.h>
| #else
| # ifdef HAVE_STDLIB_H
| #  include <stdlib.h>
| # endif
| #endif
| #ifdef HAVE_STRING_H
| # if !defined STDC_HEADERS && defined HAVE_MEMORY_H
| #  include <memory.h>
| # endif
| # include <string.h>
| #endif
| #ifdef HAVE_STRINGS_H
| # include <strings.h>
| #endif
| #ifdef HAVE_INTTYPES_H
| # include <inttypes.h>
| #endif
| #ifdef HAVE_STDINT_H
| # include <stdint.h>
| #endif
| #ifdef HAVE_UNISTD_H
| # include <unistd.h>
| #endif
| int
| main ()
| {
| #ifndef __SUNPRO_C
| #ifdef __cplusplus
|   (void) __SUNPRO_C;
| #else
|   (void) __SUNPRO_C;
| #endif
| #endif
| 
|   ;
|   return 0;
| }
configure:17288: result: no
configure:17426: checking for sys/wait.h that is POSIX.1 compatible
configure:17452: gcc -c -g -O2  conftest.c >&5
configure:17452: $? = 0
configure:17459: result: yes
configure:17470: checking fcntl.h usability
configure:17470: gcc -c -g -O2  conftest.c >&5
configure:17470: $? = 0
configure:17470: result: yes
configure:17470: checking fcntl.h presence
configure:17470: gcc -E  conftest.c
configure:17470: $? = 0
configure:17470: result: yes
configure:17470: checking for fcntl.h
configure:17470: result: yes
configure:17470: checking for unistd.h
configure:17470: result: yes
configure:17470: checking for stdint.h
configure:17470: result: yes
configure:17485: checking size of time_t
configure:17490: gcc -o conftest -g -O2   conftest.c  >&5
configure:17490: $? = 0
configure:17490: ./conftest
configure:17490: $? = 0
configure:17507: result: 8
configure:17518: checking whether byte ordering is bigendian
configure:17533: gcc -c -g -O2  conftest.c >&5
conftest.c:32:9: error: unknown type name 'not'
         not a universal capable compiler
         ^~~
conftest.c:32:15: error: expected '=', ',', ';', 'asm' or '__attribute__' before 'universal'
         not a universal capable compiler
               ^~~~~~~~~
conftest.c:32:15: error: unknown type name 'universal'
configure:17533: $? = 1
configure: failed program was:
| /* confdefs.h */
| #define PACKAGE_NAME "pidgin"
| #define PACKAGE_TARNAME "pidgin"
| #define PACKAGE_VERSION "3.0.0devel"
| #define PACKAGE_STRING "pidgin 3.0.0devel"
| #define PACKAGE_BUGREPORT "devel@pidgin.im"
| #define PACKAGE_URL ""
| #define PACKAGE "pidgin"
| #define VERSION "3.0.0devel"
| #define CONFIG_ARGS ""
| #define STDC_HEADERS 1
| #define HAVE_SYS_TYPES_H 1
| #define HAVE_SYS_STAT_H 1
| #define HAVE_STDLIB_H 1
| #define HAVE_STRING_H 1
| #define HAVE_MEMORY_H 1
| #define HAVE_STRINGS_H 1
| #define HAVE_INTTYPES_H 1
| #define HAVE_STDINT_H 1
| #define HAVE_UNISTD_H 1
| #define HAVE_DLFCN_H 1
| #define LT_OBJDIR ".libs/"
| #define HAVE_ALLOCA_H 1
| #define HAVE_ALLOCA 1
| #define HAVE_SYS_WAIT_H 1
| #define HAVE_FCNTL_H 1
| #define HAVE_UNISTD_H 1
| #define HAVE_STDINT_H 1
| #define SIZEOF_TIME_T 8
| /* end confdefs.h.  */
| #ifndef __APPLE_CC__
| 	       not a universal capable compiler
| 	     #endif
| 	     typedef int dummy;
| 
configure:17578: gcc -c -g -O2  conftest.c >&5
configure:17578: $? = 0
configure:17596: gcc -c -g -O2  conftest.c >&5
conftest.c: In function 'main':
conftest.c:38:4: error: unknown type name 'not'
    not big endian
    ^~~
conftest.c:38:12: error: expected '=', ',', ';', 'asm' or '__attribute__' before 'endian'
    not big endian
            ^~~~~~
configure:17596: $? = 1
configure: failed program was:
| /* confdefs.h */
| #define PACKAGE_NAME "pidgin"
| #define PACKAGE_TARNAME "pidgin"
| #define PACKAGE_VERSION "3.0.0devel"
| #define PACKAGE_STRING "pidgin 3.0.0devel"
| #define PACKAGE_BUGREPORT "devel@pidgin.im"
| #define PACKAGE_URL ""
| #define PACKAGE "pidgin"
| #define VERSION "3.0.0devel"
| #define CONFIG_ARGS ""
| #define STDC_HEADERS 1
| #define HAVE_SYS_TYPES_H 1
| #define HAVE_SYS_STAT_H 1
| #define HAVE_STDLIB_H 1
| #define HAVE_STRING_H 1
| #define HAVE_MEMORY_H 1
| #define HAVE_STRINGS_H 1
| #define HAVE_INTTYPES_H 1
| #define HAVE_STDINT_H 1
| #define HAVE_UNISTD_H 1
| #define HAVE_DLFCN_H 1
| #define LT_OBJDIR ".libs/"
| #define HAVE_ALLOCA_H 1
| #define HAVE_ALLOCA 1
| #define HAVE_SYS_WAIT_H 1
| #define HAVE_FCNTL_H 1
| #define HAVE_UNISTD_H 1
| #define HAVE_STDINT_H 1
| #define SIZEOF_TIME_T 8
| /* end confdefs.h.  */
| #include <sys/types.h>
| 		#include <sys/param.h>
| 
| int
| main ()
| {
| #if BYTE_ORDER != BIG_ENDIAN
| 		 not big endian
| 		#endif
| 
|   ;
|   return 0;
| }
configure:17724: result: no
configure:18103: checking for strdup
configure:18103: gcc -o conftest -g -O2   conftest.c  >&5
conftest.c:60:6: warning: conflicting types for built-in function 'strdup'
 char strdup ();
      ^~~~~~
configure:18103: $? = 0
configure:18103: result: yes
configure:18114: checking for getopt_long
configure:18114: gcc -o conftest -g -O2   conftest.c  >&5
configure:18114: $? = 0
configure:18114: result: yes
configure:18140: checking for inet_aton
configure:18140: gcc -o conftest -g -O2   conftest.c  >&5
configure:18140: $? = 0
configure:18140: result: yes
configure:18194: checking for __res_query in -lresolv
configure:18219: gcc -o conftest -g -O2   conftest.c -lresolv   >&5
configure:18219: $? = 0
configure:18228: result: yes
configure:18239: checking for gethostent in -lnsl
configure:18264: gcc -o conftest -g -O2   conftest.c -lnsl  -lresolv  >&5
configure:18264: $? = 0
configure:18273: result: yes
configure:18292: checking for socket
configure:18292: gcc -o conftest -g -O2   conftest.c -lnsl -lresolv  >&5
configure:18292: $? = 0
configure:18292: result: yes
configure:18345: checking for getaddrinfo
configure:18345: gcc -o conftest -g -O2   conftest.c -lnsl -lresolv  >&5
configure:18345: $? = 0
configure:18345: result: yes
configure:18396: checking for inet_ntop
configure:18396: gcc -o conftest -g -O2   conftest.c -lnsl -lresolv  >&5
configure:18396: $? = 0
configure:18396: result: yes
configure:18408: checking for getifaddrs
configure:18408: gcc -o conftest -g -O2   conftest.c -lnsl -lresolv  >&5
configure:18408: $? = 0
configure:18408: result: yes
configure:18417: checking for socklen_t
configure:18438: gcc -c -g -O2  conftest.c >&5
configure:18438: $? = 0
configure:18440: result: yes
configure:18486: checking for struct sockaddr.sa_len
configure:18486: gcc -c -g -O2  conftest.c >&5
conftest.c: In function 'main':
conftest.c:56:12: error: 'struct sockaddr' has no member named 'sa_len'
 if (ac_aggr.sa_len)
            ^
configure:18486: $? = 1
configure: failed program was:
| /* confdefs.h */
| #define PACKAGE_NAME "pidgin"
| #define PACKAGE_TARNAME "pidgin"
| #define PACKAGE_VERSION "3.0.0devel"
| #define PACKAGE_STRING "pidgin 3.0.0devel"
| #define PACKAGE_BUGREPORT "devel@pidgin.im"
| #define PACKAGE_URL ""
| #define PACKAGE "pidgin"
| #define VERSION "3.0.0devel"
| #define CONFIG_ARGS ""
| #define STDC_HEADERS 1
| #define HAVE_SYS_TYPES_H 1
| #define HAVE_SYS_STAT_H 1
| #define HAVE_STDLIB_H 1
| #define HAVE_STRING_H 1
| #define HAVE_MEMORY_H 1
| #define HAVE_STRINGS_H 1
| #define HAVE_INTTYPES_H 1
| #define HAVE_STDINT_H 1
| #define HAVE_UNISTD_H 1
| #define HAVE_DLFCN_H 1
| #define LT_OBJDIR ".libs/"
| #define HAVE_ALLOCA_H 1
| #define HAVE_ALLOCA 1
| #define HAVE_SYS_WAIT_H 1
| #define HAVE_FCNTL_H 1
| #define HAVE_UNISTD_H 1
| #define HAVE_STDINT_H 1
| #define SIZEOF_TIME_T 8
| #define PURPLE_DATADIR "/usr/local/share"
| #define PURPLE_LIBDIR "/usr/local/lib/purple-3"
| #define PIDGIN_LIBDIR "/usr/local/lib/pidgin-3"
| #define FINCH_LIBDIR "/usr/local/lib/finch-3"
| #define PURPLE_SYSCONFDIR "/usr/local/etc"
| #define PURPLE_LOCALEDIR "/usr/local/share/locale"
| #define HAVE_STRDUP 1
| #define HAVE_GETOPT_LONG 1
| #define HAVE_LIBRESOLV 1
| #define HAVE_LIBNSL 1
| #define HAVE_GETADDRINFO 1
| #define HAVE_INET_NTOP 1
| #define HAVE_GETIFADDRS 1
| /* end confdefs.h.  */
| 
| 		#ifdef _WIN32
| 		#  include <ws2tcpip.h>
| 		#else
| 		#  include <sys/socket.h>
| 		#endif
| 
| 
| int
| main ()
| {
| static struct sockaddr ac_aggr;
| if (ac_aggr.sa_len)
| return 0;
|   ;
|   return 0;
| }
configure:18486: gcc -c -g -O2  conftest.c >&5
conftest.c: In function 'main':
conftest.c:56:19: error: 'struct sockaddr' has no member named 'sa_len'
 if (sizeof ac_aggr.sa_len)
                   ^
configure:18486: $? = 1
configure: failed program was:
| /* confdefs.h */
| #define PACKAGE_NAME "pidgin"
| #define PACKAGE_TARNAME "pidgin"
| #define PACKAGE_VERSION "3.0.0devel"
| #define PACKAGE_STRING "pidgin 3.0.0devel"
| #define PACKAGE_BUGREPORT "devel@pidgin.im"
| #define PACKAGE_URL ""
| #define PACKAGE "pidgin"
| #define VERSION "3.0.0devel"
| #define CONFIG_ARGS ""
| #define STDC_HEADERS 1
| #define HAVE_SYS_TYPES_H 1
| #define HAVE_SYS_STAT_H 1
| #define HAVE_STDLIB_H 1
| #define HAVE_STRING_H 1
| #define HAVE_MEMORY_H 1
| #define HAVE_STRINGS_H 1
| #define HAVE_INTTYPES_H 1
| #define HAVE_STDINT_H 1
| #define HAVE_UNISTD_H 1
| #define HAVE_DLFCN_H 1
| #define LT_OBJDIR ".libs/"
| #define HAVE_ALLOCA_H 1
| #define HAVE_ALLOCA 1
| #define HAVE_SYS_WAIT_H 1
| #define HAVE_FCNTL_H 1
| #define HAVE_UNISTD_H 1
| #define HAVE_STDINT_H 1
| #define SIZEOF_TIME_T 8
| #define PURPLE_DATADIR "/usr/local/share"
| #define PURPLE_LIBDIR "/usr/local/lib/purple-3"
| #define PIDGIN_LIBDIR "/usr/local/lib/pidgin-3"
| #define FINCH_LIBDIR "/usr/local/lib/finch-3"
| #define PURPLE_SYSCONFDIR "/usr/local/etc"
| #define PURPLE_LOCALEDIR "/usr/local/share/locale"
| #define HAVE_STRDUP 1
| #define HAVE_GETOPT_LONG 1
| #define HAVE_LIBRESOLV 1
| #define HAVE_LIBNSL 1
| #define HAVE_GETADDRINFO 1
| #define HAVE_INET_NTOP 1
| #define HAVE_GETIFADDRS 1
| /* end confdefs.h.  */
| 
| 		#ifdef _WIN32
| 		#  include <ws2tcpip.h>
| 		#else
| 		#  include <sys/socket.h>
| 		#endif
| 
| 
| int
| main ()
| {
| static struct sockaddr ac_aggr;
| if (sizeof ac_aggr.sa_len)
| return 0;
|   ;
|   return 0;
| }
configure:18486: result: no
configure:18503: checking whether IPV6_V6ONLY is declared
configure:18503: gcc -c -g -O2  conftest.c >&5
configure:18503: $? = 0
configure:18503: result: yes
configure:18525: checking for special C compiler options needed for large files
configure:18570: result: no
configure:18576: checking for _FILE_OFFSET_BITS value needed for large files
configure:18601: gcc -c -g -O2  conftest.c >&5
configure:18601: $? = 0
configure:18633: result: no
configure:18719: checking for dlopen
configure:18719: gcc -o conftest -g -O2   conftest.c -lnsl -lresolv  >&5
/tmp/cc3kqhNy.o: In function `main':
/latte/pid/pidgin/conftest.c:79: undefined reference to `dlopen'
collect2: error: ld returned 1 exit status
configure:18719: $? = 1
configure: failed program was:
| /* confdefs.h */
| #define PACKAGE_NAME "pidgin"
| #define PACKAGE_TARNAME "pidgin"
| #define PACKAGE_VERSION "3.0.0devel"
| #define PACKAGE_STRING "pidgin 3.0.0devel"
| #define PACKAGE_BUGREPORT "devel@pidgin.im"
| #define PACKAGE_URL ""
| #define PACKAGE "pidgin"
| #define VERSION "3.0.0devel"
| #define CONFIG_ARGS ""
| #define STDC_HEADERS 1
| #define HAVE_SYS_TYPES_H 1
| #define HAVE_SYS_STAT_H 1
| #define HAVE_STDLIB_H 1
| #define HAVE_STRING_H 1
| #define HAVE_MEMORY_H 1
| #define HAVE_STRINGS_H 1
| #define HAVE_INTTYPES_H 1
| #define HAVE_STDINT_H 1
| #define HAVE_UNISTD_H 1
| #define HAVE_DLFCN_H 1
| #define LT_OBJDIR ".libs/"
| #define HAVE_ALLOCA_H 1
| #define HAVE_ALLOCA 1
| #define HAVE_SYS_WAIT_H 1
| #define HAVE_FCNTL_H 1
| #define HAVE_UNISTD_H 1
| #define HAVE_STDINT_H 1
| #define SIZEOF_TIME_T 8
| #define PURPLE_DATADIR "/usr/local/share"
| #define PURPLE_LIBDIR "/usr/local/lib/purple-3"
| #define PIDGIN_LIBDIR "/usr/local/lib/pidgin-3"
| #define FINCH_LIBDIR "/usr/local/lib/finch-3"
| #define PURPLE_SYSCONFDIR "/usr/local/etc"
| #define PURPLE_LOCALEDIR "/usr/local/share/locale"
| #define HAVE_STRDUP 1
| #define HAVE_GETOPT_LONG 1
| #define HAVE_LIBRESOLV 1
| #define HAVE_LIBNSL 1
| #define HAVE_GETADDRINFO 1
| #define HAVE_INET_NTOP 1
| #define HAVE_GETIFADDRS 1
| #define HAVE_IPV6_V6ONLY 1
| /* end confdefs.h.  */
| /* Define dlopen to an innocuous variant, in case <limits.h> declares dlopen.
|    For example, HP-UX 11i <limits.h> declares gettimeofday.  */
| #define dlopen innocuous_dlopen
| 
| /* System header to define __stub macros and hopefully few prototypes,
|     which can conflict with char dlopen (); below.
|     Prefer <limits.h> to <assert.h> if __STDC__ is defined, since
|     <limits.h> exists even on freestanding compilers.  */
| 
| #ifdef __STDC__
| # include <limits.h>
| #else
| # include <assert.h>
| #endif
| 
| #undef dlopen
| 
| /* Override any GCC internal prototype to avoid an error.
|    Use char because int might match the return type of a GCC
|    builtin and then its argument prototype would still apply.  */
| #ifdef __cplusplus
| extern "C"
| #endif
| char dlopen ();
| /* The GNU C library defines this for functions which it implements
|     to always fail with ENOSYS.  Some functions are actually named
|     something starting with __ and the normal name is an alias.  */
| #if defined __stub_dlopen || defined __stub___dlopen
| choke me
| #endif
| 
| int
| main ()
| {
| return dlopen ();
|   ;
|   return 0;
| }
configure:18719: result: no
configure:18723: checking for dlopen in -ldl
configure:18748: gcc -o conftest -g -O2   conftest.c -ldl  -lnsl -lresolv  >&5
configure:18748: $? = 0
configure:18757: result: yes
configure:18766: checking for library containing ceil
configure:18797: gcc -o conftest -g -O2   conftest.c -lnsl -lresolv  >&5
conftest.c:52:6: warning: conflicting types for built-in function 'ceil'
 char ceil ();
      ^~~~
/tmp/ccFwRtdT.o: In function `main':
/latte/pid/pidgin/conftest.c:56: undefined reference to `ceil'
collect2: error: ld returned 1 exit status
configure:18797: $? = 1
configure: failed program was:
| /* confdefs.h */
| #define PACKAGE_NAME "pidgin"
| #define PACKAGE_TARNAME "pidgin"
| #define PACKAGE_VERSION "3.0.0devel"
| #define PACKAGE_STRING "pidgin 3.0.0devel"
| #define PACKAGE_BUGREPORT "devel@pidgin.im"
| #define PACKAGE_URL ""
| #define PACKAGE "pidgin"
| #define VERSION "3.0.0devel"
| #define CONFIG_ARGS ""
| #define STDC_HEADERS 1
| #define HAVE_SYS_TYPES_H 1
| #define HAVE_SYS_STAT_H 1
| #define HAVE_STDLIB_H 1
| #define HAVE_STRING_H 1
| #define HAVE_MEMORY_H 1
| #define HAVE_STRINGS_H 1
| #define HAVE_INTTYPES_H 1
| #define HAVE_STDINT_H 1
| #define HAVE_UNISTD_H 1
| #define HAVE_DLFCN_H 1
| #define LT_OBJDIR ".libs/"
| #define HAVE_ALLOCA_H 1
| #define HAVE_ALLOCA 1
| #define HAVE_SYS_WAIT_H 1
| #define HAVE_FCNTL_H 1
| #define HAVE_UNISTD_H 1
| #define HAVE_STDINT_H 1
| #define SIZEOF_TIME_T 8
| #define PURPLE_DATADIR "/usr/local/share"
| #define PURPLE_LIBDIR "/usr/local/lib/purple-3"
| #define PIDGIN_LIBDIR "/usr/local/lib/pidgin-3"
| #define FINCH_LIBDIR "/usr/local/lib/finch-3"
| #define PURPLE_SYSCONFDIR "/usr/local/etc"
| #define PURPLE_LOCALEDIR "/usr/local/share/locale"
| #define HAVE_STRDUP 1
| #define HAVE_GETOPT_LONG 1
| #define HAVE_LIBRESOLV 1
| #define HAVE_LIBNSL 1
| #define HAVE_GETADDRINFO 1
| #define HAVE_INET_NTOP 1
| #define HAVE_GETIFADDRS 1
| #define HAVE_IPV6_V6ONLY 1
| /* end confdefs.h.  */
| 
| /* Override any GCC internal prototype to avoid an error.
|    Use char because int might match the return type of a GCC
|    builtin and then its argument prototype would still apply.  */
| #ifdef __cplusplus
| extern "C"
| #endif
| char ceil ();
| int
| main ()
| {
| return ceil ();
|   ;
|   return 0;
| }
configure:18797: gcc -o conftest -g -O2   conftest.c -lm  -lnsl -lresolv  >&5
conftest.c:52:6: warning: conflicting types for built-in function 'ceil'
 char ceil ();
      ^~~~
configure:18797: $? = 0
configure:18814: result: -lm
configure:18827: checking for fileno()
configure:18852: gcc -o conftest -g -O2   conftest.c -lm -lnsl -lresolv  >&5
configure:18852: $? = 0
configure:18852: ./conftest
configure:18852: $? = 0
configure:18854: result: yes
configure:18871: checking for the %z format string in strftime()
configure:18906: gcc -o conftest -g -O2   conftest.c -lm -lnsl -lresolv  >&5
configure:18906: $? = 0
configure:18906: ./conftest
strftime("%z") yields: "+0300"
configure:18906: $? = 0
configure:18908: result: yes
configure:19019: checking whether NLS is requested
configure:19028: result: yes
configure:19056: checking for intltool-update
configure:19074: found /usr/bin/intltool-update
configure:19086: result: /usr/bin/intltool-update
configure:19096: checking for intltool-merge
configure:19114: found /usr/bin/intltool-merge
configure:19126: result: /usr/bin/intltool-merge
configure:19136: checking for intltool-extract
configure:19154: found /usr/bin/intltool-extract
configure:19166: result: /usr/bin/intltool-extract
configure:19320: checking for xgettext
configure:19338: found /usr/bin/xgettext
configure:19350: result: /usr/bin/xgettext
configure:19360: checking for msgmerge
configure:19378: found /usr/bin/msgmerge
configure:19390: result: /usr/bin/msgmerge
configure:19400: checking for msgfmt
configure:19418: found /usr/bin/msgfmt
configure:19430: result: /usr/bin/msgfmt
configure:19440: checking for gmsgfmt
configure:19471: result: /usr/bin/msgfmt
configure:19491: checking for perl
configure:19509: found /usr/bin/perl
configure:19521: result: /usr/bin/perl
configure:19532: checking for perl >= 5.8.1
configure:19539: result: 5.24.0
configure:19543: checking for XML::Parser
configure:19546: result: ok
configure:19566: checking locale.h usability
configure:19566: gcc -c -g -O2  conftest.c >&5
configure:19566: $? = 0
configure:19566: result: yes
configure:19566: checking locale.h presence
configure:19566: gcc -E  conftest.c
configure:19566: $? = 0
configure:19566: result: yes
configure:19566: checking for locale.h
configure:19566: result: yes
configure:19577: checking for LC_MESSAGES
configure:19593: gcc -o conftest -g -O2   conftest.c -lm -lnsl -lresolv  >&5
configure:19593: $? = 0
configure:19601: result: yes
configure:19618: checking libintl.h usability
configure:19618: gcc -c -g -O2  conftest.c >&5
configure:19618: $? = 0
configure:19618: result: yes
configure:19618: checking libintl.h presence
configure:19618: gcc -E  conftest.c
configure:19618: $? = 0
configure:19618: result: yes
configure:19618: checking for libintl.h
configure:19618: result: yes
configure:19626: checking for ngettext in libc
configure:19644: gcc -o conftest -g -O2   conftest.c -lm -lnsl -lresolv  >&5
configure:19644: $? = 0
configure:19653: result: yes
configure:19657: checking for dgettext in libc
configure:19675: gcc -o conftest -g -O2   conftest.c -lm -lnsl -lresolv  >&5
configure:19675: $? = 0
configure:19684: result: yes
configure:19691: checking for bind_textdomain_codeset
configure:19691: gcc -o conftest -g -O2   conftest.c -lm -lnsl -lresolv  >&5
configure:19691: $? = 0
configure:19691: result: yes
configure:19967: checking for msgfmt
configure:19994: result: /usr/bin/msgfmt
configure:20005: checking for dcgettext
configure:20005: gcc -o conftest -g -O2   conftest.c -lm -lnsl -lresolv   >&5
conftest.c:74:6: warning: conflicting types for built-in function 'dcgettext'
 char dcgettext ();
      ^~~~~~~~~
configure:20005: $? = 0
configure:20005: result: yes
configure:20015: checking if msgfmt accepts -c
configure:20030: $MSGFMT -c -o /dev/null conftest.foo
conftest.foo:3: warning: header field 'Language' missing in header
configure:20033: $? = 0
configure:20035: result: yes
configure:20045: checking for gmsgfmt
configure:20076: result: /usr/bin/msgfmt
configure:20086: checking for xgettext
configure:20113: result: /usr/bin/xgettext
configure:20132: gcc -o conftest -g -O2   conftest.c -lm -lnsl -lresolv   >&5
configure:20132: $? = 0
configure:20214: checking for catalogs to be installed
configure:20239: result:  af am ar as ast az be@latin bg bn_IN bn br brx bs ca ca@valencia cs da de dz el en_AU en_CA en_GB eo es_AR es et eu fa fi fr ga gl gu he hi hr hu id it ja ka kk km kn ko ks ku_IQ ku lt lv mai mhr mk ml mn mr ms_MY my_MM nb ne nl nn oc or pa pl ps pt_BR pt ro ru sd si sk sl sq sr@latin sr sv sw ta te th tr tt uk ur uz vi xh zh_CN zh_HK zh_TW
configure:20303: checking for GLIB
configure:20310: $PKG_CONFIG --exists --print-errors "glib-2.0 >= 2.36.0 gio-2.0 gobject-2.0 gthread-2.0"
configure:20313: $? = 0
configure:20327: $PKG_CONFIG --exists --print-errors "glib-2.0 >= 2.36.0 gio-2.0 gobject-2.0 gthread-2.0"
configure:20330: $? = 0
configure:20386: result: yes
configure:20401: checking for gtester
configure:20419: found /usr/bin/gtester
configure:20431: result: /usr/bin/gtester
configure:20591: checking for X
configure:20730: gcc -o conftest -g -O2   conftest.c -lX11 -lm -lnsl -lresolv  >&5
configure:20730: $? = 0
configure:20780: result: libraries , headers 
configure:20879: gcc -o conftest -g -O2   conftest.c -lm -lnsl -lresolv   -lX11 >&5
configure:20879: $? = 0
configure:20977: checking for gethostbyname
configure:20977: gcc -o conftest -g -O2   conftest.c -lm -lnsl -lresolv  >&5
configure:20977: $? = 0
configure:20977: result: yes
configure:21074: checking for connect
configure:21074: gcc -o conftest -g -O2   conftest.c -lm -lnsl -lresolv  >&5
configure:21074: $? = 0
configure:21074: result: yes
configure:21123: checking for remove
configure:21123: gcc -o conftest -g -O2   conftest.c -lm -lnsl -lresolv  >&5
configure:21123: $? = 0
configure:21123: result: yes
configure:21172: checking for shmat
configure:21172: gcc -o conftest -g -O2   conftest.c -lm -lnsl -lresolv  >&5
configure:21172: $? = 0
configure:21172: result: yes
configure:21230: checking for IceConnectionNumber in -lICE
configure:21255: gcc -o conftest -g -O2   conftest.c -lICE  -lm -lnsl -lresolv  >&5
configure:21255: $? = 0
configure:21264: result: yes
configure:21291: checking for GTK
configure:21298: $PKG_CONFIG --exists --print-errors "gtk+-3.0 >= 3.4.2"
configure:21301: $? = 0
configure:21315: $PKG_CONFIG --exists --print-errors "gtk+-3.0 >= 3.4.2"
configure:21318: $? = 0
configure:21370: result: yes
configure:21379: checking for PANGO
configure:21386: $PKG_CONFIG --exists --print-errors "pango >= 1.4.0"
configure:21389: $? = 0
configure:21403: $PKG_CONFIG --exists --print-errors "pango >= 1.4.0"
configure:21406: $? = 0
configure:21444: result: yes
configure:21456: checking for ENCHANT
configure:21463: $PKG_CONFIG --exists --print-errors "enchant"
Package enchant was not found in the pkg-config search path.
Perhaps you should add the directory containing `enchant.pc'
to the PKG_CONFIG_PATH environment variable
No package 'enchant' found
configure:21466: $? = 1
configure:21480: $PKG_CONFIG --exists --print-errors "enchant"
Package enchant was not found in the pkg-config search path.
Perhaps you should add the directory containing `enchant.pc'
to the PKG_CONFIG_PATH environment variable
No package 'enchant' found
configure:21483: $? = 1
configure:21497: result: no
No package 'enchant' found
configure:21514: result: no
configure:21534: error: 
Enchant development headers not found.
Use --disable-enchant if you do not need it.


## ---------------- ##
## Cache variables. ##
## ---------------- ##

ac_cv_build=x86_64-unknown-linux-gnu
ac_cv_c_bigendian=no
ac_cv_c_compiler_gnu=yes
ac_cv_cxx_compiler_gnu=yes
ac_cv_env_AVAHI_CFLAGS_set=
ac_cv_env_AVAHI_CFLAGS_value=
ac_cv_env_AVAHI_LIBS_set=
ac_cv_env_AVAHI_LIBS_value=
ac_cv_env_CCC_set=
ac_cv_env_CCC_value=
ac_cv_env_CC_set=
ac_cv_env_CC_value=
ac_cv_env_CFLAGS_set=
ac_cv_env_CFLAGS_value=
ac_cv_env_CPPFLAGS_set=
ac_cv_env_CPPFLAGS_value=
ac_cv_env_CPP_set=
ac_cv_env_CPP_value=
ac_cv_env_CXXCPP_set=
ac_cv_env_CXXCPP_value=
ac_cv_env_CXXFLAGS_set=
ac_cv_env_CXXFLAGS_value=
ac_cv_env_CXX_set=
ac_cv_env_CXX_value=
ac_cv_env_DBUS_CFLAGS_set=
ac_cv_env_DBUS_CFLAGS_value=
ac_cv_env_DBUS_LIBS_set=
ac_cv_env_DBUS_LIBS_value=
ac_cv_env_ENCHANT_CFLAGS_set=
ac_cv_env_ENCHANT_CFLAGS_value=
ac_cv_env_ENCHANT_LIBS_set=
ac_cv_env_ENCHANT_LIBS_value=
ac_cv_env_EVOLUTION_ADDRESSBOOK_CFLAGS_set=
ac_cv_env_EVOLUTION_ADDRESSBOOK_CFLAGS_value=
ac_cv_env_EVOLUTION_ADDRESSBOOK_LIBS_set=
ac_cv_env_EVOLUTION_ADDRESSBOOK_LIBS_value=
ac_cv_env_FARSTREAM_CFLAGS_set=
ac_cv_env_FARSTREAM_CFLAGS_value=
ac_cv_env_FARSTREAM_LIBS_set=
ac_cv_env_FARSTREAM_LIBS_value=
ac_cv_env_GCR_CFLAGS_set=
ac_cv_env_GCR_CFLAGS_value=
ac_cv_env_GCR_LIBS_set=
ac_cv_env_GCR_LIBS_value=
ac_cv_env_GLIB_CFLAGS_set=
ac_cv_env_GLIB_CFLAGS_value=
ac_cv_env_GLIB_LIBS_set=
ac_cv_env_GLIB_LIBS_value=
ac_cv_env_GNOMEKEYRING_CFLAGS_set=
ac_cv_env_GNOMEKEYRING_CFLAGS_value=
ac_cv_env_GNOMEKEYRING_LIBS_set=
ac_cv_env_GNOMEKEYRING_LIBS_value=
ac_cv_env_GNUTLS_CFLAGS_set=
ac_cv_env_GNUTLS_CFLAGS_value=
ac_cv_env_GNUTLS_LIBS_set=
ac_cv_env_GNUTLS_LIBS_value=
ac_cv_env_GPLUGIN_CFLAGS_set=
ac_cv_env_GPLUGIN_CFLAGS_value=
ac_cv_env_GPLUGIN_LIBS_set=
ac_cv_env_GPLUGIN_LIBS_value=
ac_cv_env_GSTAPP_CFLAGS_set=
ac_cv_env_GSTAPP_CFLAGS_value=
ac_cv_env_GSTAPP_LIBS_set=
ac_cv_env_GSTAPP_LIBS_value=
ac_cv_env_GSTREAMER_CFLAGS_set=
ac_cv_env_GSTREAMER_CFLAGS_value=
ac_cv_env_GSTREAMER_LIBS_set=
ac_cv_env_GSTREAMER_LIBS_value=
ac_cv_env_GSTVIDEO_CFLAGS_set=
ac_cv_env_GSTVIDEO_CFLAGS_value=
ac_cv_env_GSTVIDEO_LIBS_set=
ac_cv_env_GSTVIDEO_LIBS_value=
ac_cv_env_GTKDOC_DEPS_CFLAGS_set=
ac_cv_env_GTKDOC_DEPS_CFLAGS_value=
ac_cv_env_GTKDOC_DEPS_LIBS_set=
ac_cv_env_GTKDOC_DEPS_LIBS_value=
ac_cv_env_GTK_CFLAGS_set=
ac_cv_env_GTK_CFLAGS_value=
ac_cv_env_GTK_LIBS_set=
ac_cv_env_GTK_LIBS_value=
ac_cv_env_IDN_CFLAGS_set=
ac_cv_env_IDN_CFLAGS_value=
ac_cv_env_IDN_LIBS_set=
ac_cv_env_IDN_LIBS_value=
ac_cv_env_JSON_CFLAGS_set=
ac_cv_env_JSON_CFLAGS_value=
ac_cv_env_JSON_LIBS_set=
ac_cv_env_JSON_LIBS_value=
ac_cv_env_LDFLAGS_set=
ac_cv_env_LDFLAGS_value=
ac_cv_env_LIBGADU_CFLAGS_set=
ac_cv_env_LIBGADU_CFLAGS_value=
ac_cv_env_LIBGADU_LIBS_set=
ac_cv_env_LIBGADU_LIBS_value=
ac_cv_env_LIBS_set=
ac_cv_env_LIBS_value=
ac_cv_env_LIBXML_CFLAGS_set=
ac_cv_env_LIBXML_CFLAGS_value=
ac_cv_env_LIBXML_LIBS_set=
ac_cv_env_LIBXML_LIBS_value=
ac_cv_env_LT_SYS_LIBRARY_PATH_set=
ac_cv_env_LT_SYS_LIBRARY_PATH_value=
ac_cv_env_MEANWHILE_CFLAGS_set=
ac_cv_env_MEANWHILE_CFLAGS_value=
ac_cv_env_MEANWHILE_LIBS_set=
ac_cv_env_MEANWHILE_LIBS_value=
ac_cv_env_NSS_CFLAGS_set=
ac_cv_env_NSS_CFLAGS_value=
ac_cv_env_NSS_LIBS_set=
ac_cv_env_NSS_LIBS_value=
ac_cv_env_PANGO_CFLAGS_set=
ac_cv_env_PANGO_CFLAGS_value=
ac_cv_env_PANGO_LIBS_set=
ac_cv_env_PANGO_LIBS_value=
ac_cv_env_PKG_CONFIG_LIBDIR_set=
ac_cv_env_PKG_CONFIG_LIBDIR_value=
ac_cv_env_PKG_CONFIG_PATH_set=
ac_cv_env_PKG_CONFIG_PATH_value=
ac_cv_env_PKG_CONFIG_set=
ac_cv_env_PKG_CONFIG_value=
ac_cv_env_QT4_CFLAGS_set=
ac_cv_env_QT4_CFLAGS_value=
ac_cv_env_QT4_LIBS_set=
ac_cv_env_QT4_LIBS_value=
ac_cv_env_SECRETSERVICE_CFLAGS_set=
ac_cv_env_SECRETSERVICE_CFLAGS_value=
ac_cv_env_SECRETSERVICE_LIBS_set=
ac_cv_env_SECRETSERVICE_LIBS_value=
ac_cv_env_SILC_CFLAGS_set=
ac_cv_env_SILC_CFLAGS_value=
ac_cv_env_SILC_LIBS_set=
ac_cv_env_SILC_LIBS_value=
ac_cv_env_SQLITE3_CFLAGS_set=
ac_cv_env_SQLITE3_CFLAGS_value=
ac_cv_env_SQLITE3_LIBS_set=
ac_cv_env_SQLITE3_LIBS_value=
ac_cv_env_UNITY_CFLAGS_set=
ac_cv_env_UNITY_CFLAGS_value=
ac_cv_env_UNITY_LIBS_set=
ac_cv_env_UNITY_LIBS_value=
ac_cv_env_X11_CFLAGS_set=
ac_cv_env_X11_CFLAGS_value=
ac_cv_env_X11_LIBS_set=
ac_cv_env_X11_LIBS_value=
ac_cv_env_XMKMF_set=
ac_cv_env_XMKMF_value=
ac_cv_env_ZLIB_CFLAGS_set=
ac_cv_env_ZLIB_CFLAGS_value=
ac_cv_env_ZLIB_LIBS_set=
ac_cv_env_ZLIB_LIBS_value=
ac_cv_env_build_alias_set=
ac_cv_env_build_alias_value=
ac_cv_env_host_alias_set=
ac_cv_env_host_alias_value=
ac_cv_env_target_alias_set=
ac_cv_env_target_alias_value=
ac_cv_func_alloca_works=yes
ac_cv_func_bind_textdomain_codeset=yes
ac_cv_func_connect=yes
ac_cv_func_dcgettext=yes
ac_cv_func_dlopen=no
ac_cv_func_getaddrinfo=yes
ac_cv_func_gethostbyname=yes
ac_cv_func_getifaddrs=yes
ac_cv_func_getopt_long=yes
ac_cv_func_inet_aton=yes
ac_cv_func_inet_ntop=yes
ac_cv_func_remove=yes
ac_cv_func_shmat=yes
ac_cv_func_socket=yes
ac_cv_func_strdup=yes
ac_cv_have_decl_IPV6_V6ONLY=yes
ac_cv_have_decl___SUNPRO_C=no
ac_cv_have_x='have_x=yes	ac_x_includes='\'''\''	ac_x_libraries='\'''\'''
ac_cv_header_dlfcn_h=yes
ac_cv_header_fcntl_h=yes
ac_cv_header_inttypes_h=yes
ac_cv_header_libintl_h=yes
ac_cv_header_locale_h=yes
ac_cv_header_memory_h=yes
ac_cv_header_stdc=yes
ac_cv_header_stdint_h=yes
ac_cv_header_stdlib_h=yes
ac_cv_header_string_h=yes
ac_cv_header_strings_h=yes
ac_cv_header_sys_stat_h=yes
ac_cv_header_sys_types_h=yes
ac_cv_header_sys_wait_h=yes
ac_cv_header_unistd_h=yes
ac_cv_host=x86_64-unknown-linux-gnu
ac_cv_lib_ICE_IceConnectionNumber=yes
ac_cv_lib_dl_dlopen=yes
ac_cv_lib_nsl_gethostent=yes
ac_cv_lib_resolv___res_query=yes
ac_cv_member_struct_sockaddr_sa_len=no
ac_cv_objext=o
ac_cv_path_EGREP='/usr/bin/grep -E'
ac_cv_path_FGREP='/usr/bin/grep -F'
ac_cv_path_GMSGFMT=/usr/bin/msgfmt
ac_cv_path_GREP=/usr/bin/grep
ac_cv_path_GTESTER=/usr/bin/gtester
ac_cv_path_INTLTOOL_EXTRACT=/usr/bin/intltool-extract
ac_cv_path_INTLTOOL_MERGE=/usr/bin/intltool-merge
ac_cv_path_INTLTOOL_PERL=/usr/bin/perl
ac_cv_path_INTLTOOL_UPDATE=/usr/bin/intltool-update
ac_cv_path_MSGFMT=/usr/bin/msgfmt
ac_cv_path_MSGMERGE=/usr/bin/msgmerge
ac_cv_path_SED=/usr/bin/sed
ac_cv_path_XGETTEXT=/usr/bin/xgettext
ac_cv_path_ac_pt_PKG_CONFIG=/usr/bin/pkg-config
ac_cv_path_install='/usr/bin/install -c'
ac_cv_path_lt_DD=/usr/bin/dd
ac_cv_path_mkdir=/usr/bin/mkdir
ac_cv_path_sedpath=/usr/bin/sed
ac_cv_prog_AWK=gawk
ac_cv_prog_CPP='gcc -E'
ac_cv_prog_CXXCPP='g++ -E'
ac_cv_prog_ac_ct_AR=ar
ac_cv_prog_ac_ct_CC=gcc
ac_cv_prog_ac_ct_CXX=g++
ac_cv_prog_ac_ct_OBJDUMP=objdump
ac_cv_prog_ac_ct_RANLIB=ranlib
ac_cv_prog_ac_ct_STRIP=strip
ac_cv_prog_cc_c89=
ac_cv_prog_cc_g=yes
ac_cv_prog_cxx_g=yes
ac_cv_prog_make_make_set=yes
ac_cv_search_ceil=-lm
ac_cv_sizeof_time_t=8
ac_cv_sys_file_offset_bits=no
ac_cv_sys_largefile_CC=no
ac_cv_type_size_t=yes
ac_cv_working_alloca_h=yes
am_cv_CC_dependencies_compiler_type=gcc3
am_cv_CXX_dependencies_compiler_type=gcc3
am_cv_make_support_nested_variables=yes
am_cv_prog_cc_c_o=yes
am_cv_val_LC_MESSAGES=yes
gt_cv_func_dgettext_libc=yes
gt_cv_func_dgettext_libintl=no
gt_cv_func_ngettext_libc=yes
gt_cv_have_gettext=yes
lt_cv_ar_at_file=@
lt_cv_archive_cmds_need_lc=no
lt_cv_deplibs_check_method=pass_all
lt_cv_file_magic_cmd='$MAGIC_CMD'
lt_cv_file_magic_test_file=
lt_cv_ld_reload_flag=-r
lt_cv_nm_interface='BSD nm'
lt_cv_objdir=.libs
lt_cv_path_LD=/usr/lib/hardening-wrapper/bin/ld
lt_cv_path_LDCXX='/usr/lib/hardening-wrapper/bin/ld -m elf_x86_64'
lt_cv_path_NM='/usr/bin/nm -B'
lt_cv_path_mainfest_tool=no
lt_cv_prog_compiler_c_o=yes
lt_cv_prog_compiler_c_o_CXX=yes
lt_cv_prog_compiler_pic='-fPIC -DPIC'
lt_cv_prog_compiler_pic_CXX='-fPIC -DPIC'
lt_cv_prog_compiler_pic_works=yes
lt_cv_prog_compiler_pic_works_CXX=yes
lt_cv_prog_compiler_rtti_exceptions=no
lt_cv_prog_compiler_static_works=yes
lt_cv_prog_compiler_static_works_CXX=yes
lt_cv_prog_gnu_ld=yes
lt_cv_prog_gnu_ldcxx=yes
lt_cv_sharedlib_from_linklib_cmd='printf %s\n'
lt_cv_shlibpath_overrides_runpath=no
lt_cv_sys_global_symbol_pipe='sed -n -e '\''s/^.*[	 ]\([ABCDGIRSTW][ABCDGIRSTW]*\)[	 ][	 ]*\([_A-Za-z][_A-Za-z0-9]*\)$/\1 \2 \2/p'\'' | sed '\''/ __gnu_lto/d'\'''
lt_cv_sys_global_symbol_to_c_name_address='sed -n -e '\''s/^: \(.*\) .*$/  {"\1", (void *) 0},/p'\'' -e '\''s/^[ABCDGIRSTW][ABCDGIRSTW]* .* \(.*\)$/  {"\1", (void *) \&\1},/p'\'''
lt_cv_sys_global_symbol_to_c_name_address_lib_prefix='sed -n -e '\''s/^: \(.*\) .*$/  {"\1", (void *) 0},/p'\'' -e '\''s/^[ABCDGIRSTW][ABCDGIRSTW]* .* \(lib.*\)$/  {"\1", (void *) \&\1},/p'\'' -e '\''s/^[ABCDGIRSTW][ABCDGIRSTW]* .* \(.*\)$/  {"lib\1", (void *) \&\1},/p'\'''
lt_cv_sys_global_symbol_to_cdecl='sed -n -e '\''s/^T .* \(.*\)$/extern int \1();/p'\'' -e '\''s/^[ABCDGIRSTW][ABCDGIRSTW]* .* \(.*\)$/extern char \1;/p'\'''
lt_cv_sys_global_symbol_to_import=
lt_cv_sys_max_cmd_len=1572864
lt_cv_to_host_file_cmd=func_convert_file_noop
lt_cv_to_tool_file_cmd=func_convert_file_noop
lt_cv_truncate_bin='/usr/bin/dd bs=4096 count=1'
pkg_cv_GLIB_CFLAGS='-pthread -I/usr/include/glib-2.0 -I/usr/lib/glib-2.0/include'
pkg_cv_GLIB_LIBS='-lgio-2.0 -lgobject-2.0 -lgthread-2.0 -pthread -lglib-2.0'
pkg_cv_GTK_CFLAGS='-pthread -I/usr/include/gtk-3.0 -I/usr/include/at-spi2-atk/2.0 -I/usr/include/at-spi-2.0 -I/usr/include/dbus-1.0 -I/usr/lib/dbus-1.0/include -I/usr/include/gtk-3.0 -I/usr/include/gio-unix-2.0/ -I/usr/include/cairo -I/usr/include/pango-1.0 -I/usr/include/harfbuzz -I/usr/include/pango-1.0 -I/usr/include/atk-1.0 -I/usr/include/cairo -I/usr/include/pixman-1 -I/usr/include/freetype2 -I/usr/include/libpng16 -I/usr/include/freetype2 -I/usr/include/libdrm -I/usr/include/libpng16 -I/usr/include/gdk-pixbuf-2.0 -I/usr/include/libpng16 -I/usr/include/glib-2.0 -I/usr/lib/glib-2.0/include'
pkg_cv_GTK_LIBS='-lgtk-3 -lgdk-3 -lpangocairo-1.0 -lpango-1.0 -latk-1.0 -lcairo-gobject -lcairo -lgdk_pixbuf-2.0 -lgio-2.0 -lgobject-2.0 -lglib-2.0'
pkg_cv_PANGO_CFLAGS='-I/usr/include/pango-1.0 -I/usr/include/glib-2.0 -I/usr/lib/glib-2.0/include'
pkg_cv_PANGO_LIBS='-lpango-1.0 -lgobject-2.0 -lglib-2.0'

## ----------------- ##
## Output variables. ##
## ----------------- ##

ACLOCAL='${SHELL} /latte/pid/pidgin/missing aclocal-1.15'
ALLOCA=''
ALL_LINGUAS='af am ar as ast az be@latin bg bn_IN bn br brx bs ca ca@valencia cs da de dz el en_AU en_CA en_GB eo es_AR es et eu fa fi fr ga gl gu he hi hr hu id it ja ka kk km kn ko ks ku_IQ ku lt lv mai mhr mk ml mn mr ms_MY my_MM nb ne nl nn oc or pa pl ps pt_BR pt ro ru sd si sk sl sq sr@latin sr sv sw ta te th tr tt uk ur uz vi xh zh_CN zh_HK zh_TW'
AMDEPBACKSLASH='\'
AMDEP_FALSE='#'
AMDEP_TRUE=''
AMTAR='$${TAR-tar}'
AM_BACKSLASH='\'
AM_DEFAULT_V='$(AM_DEFAULT_VERBOSITY)'
AM_DEFAULT_VERBOSITY='0'
AM_V='$(V)'
AR='ar'
AUTOCONF='${SHELL} /latte/pid/pidgin/missing autoconf'
AUTOHEADER='${SHELL} /latte/pid/pidgin/missing autoheader'
AUTOMAKE='${SHELL} /latte/pid/pidgin/missing automake-1.15'
AVAHI_CFLAGS=''
AVAHI_LIBS=''
AWK='gawk'
BUILD_GEVOLUTION_FALSE=''
BUILD_GEVOLUTION_TRUE=''
CATALOGS=' af.gmo am.gmo ar.gmo as.gmo ast.gmo az.gmo be@latin.gmo bg.gmo bn_IN.gmo bn.gmo br.gmo brx.gmo bs.gmo ca.gmo ca@valencia.gmo cs.gmo da.gmo de.gmo dz.gmo el.gmo en_AU.gmo en_CA.gmo en_GB.gmo eo.gmo es_AR.gmo es.gmo et.gmo eu.gmo fa.gmo fi.gmo fr.gmo ga.gmo gl.gmo gu.gmo he.gmo hi.gmo hr.gmo hu.gmo id.gmo it.gmo ja.gmo ka.gmo kk.gmo km.gmo kn.gmo ko.gmo ks.gmo ku_IQ.gmo ku.gmo lt.gmo lv.gmo mai.gmo mhr.gmo mk.gmo ml.gmo mn.gmo mr.gmo ms_MY.gmo my_MM.gmo nb.gmo ne.gmo nl.gmo nn.gmo oc.gmo or.gmo pa.gmo pl.gmo ps.gmo pt_BR.gmo pt.gmo ro.gmo ru.gmo sd.gmo si.gmo sk.gmo sl.gmo sq.gmo sr@latin.gmo sr.gmo sv.gmo sw.gmo ta.gmo te.gmo th.gmo tr.gmo tt.gmo uk.gmo ur.gmo uz.gmo vi.gmo xh.gmo zh_CN.gmo zh_HK.gmo zh_TW.gmo'
CATOBJEXT='.gmo'
CC='gcc'
CCDEPMODE='depmode=gcc3'
CFLAGS='-g -O2'
CPP='gcc -E'
CPPFLAGS=''
CXX='g++'
CXXCPP='g++ -E'
CXXDEPMODE='depmode=gcc3'
CXXFLAGS='-g -O2'
CXXTEST=''
CYGPATH_W='echo'
DATADIRNAME='share'
DBUS_CFLAGS=''
DBUS_LIBS=''
DBUS_SERVICES_DIR=''
DEBUG_CFLAGS=''
DEBUG_CPPFLAGS=''
DEFS=''
DEPDIR='.deps'
DISTRIB_FALSE=''
DISTRIB_TRUE=''
DLLTOOL='false'
DNSAPI_LIBS=''
DSYMUTIL=''
DUMPBIN=''
DYNAMIC_PRPLS=''
ECHO_C=''
ECHO_N='-n'
ECHO_T=''
EGREP='/usr/bin/grep -E'
ENABLE_ALWAYS_BUILD_TESTS_FALSE=''
ENABLE_ALWAYS_BUILD_TESTS_TRUE='#'
ENABLE_CAP_FALSE=''
ENABLE_CAP_TRUE=''
ENABLE_DBUS_FALSE=''
ENABLE_DBUS_TRUE=''
ENABLE_GCR_FALSE=''
ENABLE_GCR_TRUE=''
ENABLE_GESTURES_FALSE=''
ENABLE_GESTURES_TRUE=''
ENABLE_GNOMEKEYRING_FALSE=''
ENABLE_GNOMEKEYRING_TRUE=''
ENABLE_GNT_FALSE=''
ENABLE_GNT_TRUE=''
ENABLE_GTK_DOC_FALSE=''
ENABLE_GTK_DOC_TRUE=''
ENABLE_GTK_FALSE=''
ENABLE_GTK_TRUE=''
ENABLE_INSTALLED_TESTS_FALSE=''
ENABLE_INSTALLED_TESTS_TRUE='#'
ENABLE_KWALLET_FALSE=''
ENABLE_KWALLET_TRUE=''
ENABLE_SECRETSERVICE_FALSE=''
ENABLE_SECRETSERVICE_TRUE=''
ENABLE_TRAYCOMPAT_FALSE=''
ENABLE_TRAYCOMPAT_TRUE=''
ENABLE_UNITY_FALSE=''
ENABLE_UNITY_TRUE=''
ENCHANT_CFLAGS=''
ENCHANT_LIBS=''
EVOLUTION_ADDRESSBOOK_CFLAGS=''
EVOLUTION_ADDRESSBOOK_LIBS=''
EXEEXT=''
EXTERNAL_LIBZEPHYR_FALSE=''
EXTERNAL_LIBZEPHYR_TRUE=''
FARSTREAM_CFLAGS=''
FARSTREAM_LIBS=''
FGREP='/usr/bin/grep -F'
FINCH_LIBS='$(top_builddir)/finch/libfinch.la $(top_builddir)/finch/libgnt/libgnt.la $(PURPLE_LIBS)'
FINCH_PLUGINDIR='$(libdir)/finch-3'
GCR_CFLAGS=''
GCR_LIBS=''
GETTEXT_PACKAGE='pidgin'
GLIB_CFLAGS='-pthread -I/usr/include/glib-2.0 -I/usr/lib/glib-2.0/include'
GLIB_GENMARSHAL='glib-genmarshal'
GLIB_LIBS='-lgio-2.0 -lgobject-2.0 -lgthread-2.0 -pthread -lglib-2.0'
GLIB_MKENUMS='glib-mkenums'
GMOFILES=' af.gmo am.gmo ar.gmo as.gmo ast.gmo az.gmo be@latin.gmo bg.gmo bn_IN.gmo bn.gmo br.gmo brx.gmo bs.gmo ca.gmo ca@valencia.gmo cs.gmo da.gmo de.gmo dz.gmo el.gmo en_AU.gmo en_CA.gmo en_GB.gmo eo.gmo es_AR.gmo es.gmo et.gmo eu.gmo fa.gmo fi.gmo fr.gmo ga.gmo gl.gmo gu.gmo he.gmo hi.gmo hr.gmo hu.gmo id.gmo it.gmo ja.gmo ka.gmo kk.gmo km.gmo kn.gmo ko.gmo ks.gmo ku_IQ.gmo ku.gmo lt.gmo lv.gmo mai.gmo mhr.gmo mk.gmo ml.gmo mn.gmo mr.gmo ms_MY.gmo my_MM.gmo nb.gmo ne.gmo nl.gmo nn.gmo oc.gmo or.gmo pa.gmo pl.gmo ps.gmo pt_BR.gmo pt.gmo ro.gmo ru.gmo sd.gmo si.gmo sk.gmo sl.gmo sq.gmo sr@latin.gmo sr.gmo sv.gmo sw.gmo ta.gmo te.gmo th.gmo tr.gmo tt.gmo uk.gmo ur.gmo uz.gmo vi.gmo xh.gmo zh_CN.gmo zh_HK.gmo zh_TW.gmo'
GMSGFMT='/usr/bin/msgfmt'
GNOMEKEYRING_CFLAGS=''
GNOMEKEYRING_LIBS=''
GNT_API_VERSION='0'
GNT_CFLAGS=''
GNT_LIBS=''
GNT_LT_VERSION_INFO='9:0:9'
GNT_MAJOR_VERSION='2'
GNT_MICRO_VERSION='0'
GNT_MINOR_VERSION='9'
GNT_VERSION='2.9.0devel'
GNUTLS_CFLAGS=''
GNUTLS_LIBS=''
GPLUGIN_CFLAGS=''
GPLUGIN_LIBS=''
GPLUGIN_REQ=''
GREP='/usr/bin/grep'
GSTAPP_CFLAGS=''
GSTAPP_LIBS=''
GSTREAMER_CFLAGS=''
GSTREAMER_LIBS=''
GSTVIDEO_CFLAGS=''
GSTVIDEO_LIBS=''
GTESTER='/usr/bin/gtester'
GTKDOC_CHECK=''
GTKDOC_CHECK_PATH=''
GTKDOC_DEPS_CFLAGS=''
GTKDOC_DEPS_LIBS=''
GTKDOC_MKPDF=''
GTKDOC_REBASE=''
GTK_CFLAGS='-pthread -I/usr/include/gtk-3.0 -I/usr/include/at-spi2-atk/2.0 -I/usr/include/at-spi-2.0 -I/usr/include/dbus-1.0 -I/usr/lib/dbus-1.0/include -I/usr/include/gtk-3.0 -I/usr/include/gio-unix-2.0/ -I/usr/include/cairo -I/usr/include/pango-1.0 -I/usr/include/harfbuzz -I/usr/include/pango-1.0 -I/usr/include/atk-1.0 -I/usr/include/cairo -I/usr/include/pixman-1 -I/usr/include/freetype2 -I/usr/include/libpng16 -I/usr/include/freetype2 -I/usr/include/libdrm -I/usr/include/libpng16 -I/usr/include/gdk-pixbuf-2.0 -I/usr/include/libpng16 -I/usr/include/glib-2.0 -I/usr/lib/glib-2.0/include'
GTK_DOC_BUILD_HTML_FALSE=''
GTK_DOC_BUILD_HTML_TRUE=''
GTK_DOC_BUILD_PDF_FALSE=''
GTK_DOC_BUILD_PDF_TRUE=''
GTK_DOC_USE_LIBTOOL_FALSE=''
GTK_DOC_USE_LIBTOOL_TRUE=''
GTK_DOC_USE_REBASE_FALSE=''
GTK_DOC_USE_REBASE_TRUE=''
GTK_LIBS='-lgtk-3 -lgdk-3 -lpangocairo-1.0 -lpango-1.0 -latk-1.0 -lcairo-gobject -lcairo -lgdk_pixbuf-2.0 -lgio-2.0 -lgobject-2.0 -lglib-2.0'
HAVE_GTK_DOC_FALSE=''
HAVE_GTK_DOC_TRUE=''
HAVE_INTROSPECTION_FALSE=''
HAVE_INTROSPECTION_TRUE=''
HTML_DIR=''
IDN_CFLAGS=''
IDN_LIBS=''
INSTALL_DATA='${INSTALL} -m 644'
INSTALL_I18N_FALSE='#'
INSTALL_I18N_TRUE=''
INSTALL_PIXMAPS_FALSE=''
INSTALL_PIXMAPS_TRUE=''
INSTALL_PROGRAM='${INSTALL}'
INSTALL_SCRIPT='${INSTALL}'
INSTALL_SSL_CERTIFICATES_FALSE=''
INSTALL_SSL_CERTIFICATES_TRUE=''
INSTALL_STRIP_PROGRAM='$(install_sh) -c -s'
INSTOBJEXT='.mo'
INTLLIBS=''
INTLTOOL_CAVES_RULE='%.caves:     %.caves.in     $(INTLTOOL_MERGE) $(wildcard $(top_srcdir)/po/*.po) ; $(INTLTOOL_V_MERGE)LC_ALL=C $(INTLTOOL_MERGE) $(INTLTOOL_V_MERGE_OPTIONS) -d -u -c $(top_builddir)/po/.intltool-merge-cache $(top_srcdir)/po $< $@'
INTLTOOL_DESKTOP_RULE='%.desktop:   %.desktop.in   $(INTLTOOL_MERGE) $(wildcard $(top_srcdir)/po/*.po) ; $(INTLTOOL_V_MERGE)LC_ALL=C $(INTLTOOL_MERGE) $(INTLTOOL_V_MERGE_OPTIONS) -d -u -c $(top_builddir)/po/.intltool-merge-cache $(top_srcdir)/po $< $@'
INTLTOOL_DIRECTORY_RULE='%.directory: %.directory.in $(INTLTOOL_MERGE) $(wildcard $(top_srcdir)/po/*.po) ; $(INTLTOOL_V_MERGE)LC_ALL=C $(INTLTOOL_MERGE) $(INTLTOOL_V_MERGE_OPTIONS) -d -u -c $(top_builddir)/po/.intltool-merge-cache $(top_srcdir)/po $< $@'
INTLTOOL_EXTRACT='/usr/bin/intltool-extract'
INTLTOOL_KBD_RULE='%.kbd:       %.kbd.in       $(INTLTOOL_MERGE) $(wildcard $(top_srcdir)/po/*.po) ; $(INTLTOOL_V_MERGE)LC_ALL=C $(INTLTOOL_MERGE) $(INTLTOOL_V_MERGE_OPTIONS) -x -u -m -c $(top_builddir)/po/.intltool-merge-cache $(top_srcdir)/po $< $@'
INTLTOOL_KEYS_RULE='%.keys:      %.keys.in      $(INTLTOOL_MERGE) $(wildcard $(top_srcdir)/po/*.po) ; $(INTLTOOL_V_MERGE)LC_ALL=C $(INTLTOOL_MERGE) $(INTLTOOL_V_MERGE_OPTIONS) -k -u -c $(top_builddir)/po/.intltool-merge-cache $(top_srcdir)/po $< $@'
INTLTOOL_MERGE='/usr/bin/intltool-merge'
INTLTOOL_OAF_RULE='%.oaf:       %.oaf.in       $(INTLTOOL_MERGE) $(wildcard $(top_srcdir)/po/*.po) ; $(INTLTOOL_V_MERGE)LC_ALL=C $(INTLTOOL_MERGE) $(INTLTOOL_V_MERGE_OPTIONS) -o -p $(top_srcdir)/po $< $@'
INTLTOOL_PERL='/usr/bin/perl'
INTLTOOL_POLICY_RULE='%.policy:    %.policy.in    $(INTLTOOL_MERGE) $(wildcard $(top_srcdir)/po/*.po) ; $(INTLTOOL_V_MERGE)LC_ALL=C $(INTLTOOL_MERGE) $(INTLTOOL_V_MERGE_OPTIONS) -x -u -c $(top_builddir)/po/.intltool-merge-cache $(top_srcdir)/po $< $@'
INTLTOOL_PONG_RULE='%.pong:      %.pong.in      $(INTLTOOL_MERGE) $(wildcard $(top_srcdir)/po/*.po) ; $(INTLTOOL_V_MERGE)LC_ALL=C $(INTLTOOL_MERGE) $(INTLTOOL_V_MERGE_OPTIONS) -x -u -c $(top_builddir)/po/.intltool-merge-cache $(top_srcdir)/po $< $@'
INTLTOOL_PROP_RULE='%.prop:      %.prop.in      $(INTLTOOL_MERGE) $(wildcard $(top_srcdir)/po/*.po) ; $(INTLTOOL_V_MERGE)LC_ALL=C $(INTLTOOL_MERGE) $(INTLTOOL_V_MERGE_OPTIONS) -d -u -c $(top_builddir)/po/.intltool-merge-cache $(top_srcdir)/po $< $@'
INTLTOOL_SCHEMAS_RULE='%.schemas:   %.schemas.in   $(INTLTOOL_MERGE) $(wildcard $(top_srcdir)/po/*.po) ; $(INTLTOOL_V_MERGE)LC_ALL=C $(INTLTOOL_MERGE) $(INTLTOOL_V_MERGE_OPTIONS) -s -u -c $(top_builddir)/po/.intltool-merge-cache $(top_srcdir)/po $< $@'
INTLTOOL_SERVER_RULE='%.server:    %.server.in    $(INTLTOOL_MERGE) $(wildcard $(top_srcdir)/po/*.po) ; $(INTLTOOL_V_MERGE)LC_ALL=C $(INTLTOOL_MERGE) $(INTLTOOL_V_MERGE_OPTIONS) -o -u -c $(top_builddir)/po/.intltool-merge-cache $(top_srcdir)/po $< $@'
INTLTOOL_SERVICE_RULE='%.service: %.service.in   $(INTLTOOL_MERGE) $(wildcard $(top_srcdir)/po/*.po) ; $(INTLTOOL_V_MERGE)LC_ALL=C $(INTLTOOL_MERGE) $(INTLTOOL_V_MERGE_OPTIONS) -d -u -c $(top_builddir)/po/.intltool-merge-cache $(top_srcdir)/po $< $@'
INTLTOOL_SHEET_RULE='%.sheet:     %.sheet.in     $(INTLTOOL_MERGE) $(wildcard $(top_srcdir)/po/*.po) ; $(INTLTOOL_V_MERGE)LC_ALL=C $(INTLTOOL_MERGE) $(INTLTOOL_V_MERGE_OPTIONS) -x -u -c $(top_builddir)/po/.intltool-merge-cache $(top_srcdir)/po $< $@'
INTLTOOL_SOUNDLIST_RULE='%.soundlist: %.soundlist.in $(INTLTOOL_MERGE) $(wildcard $(top_srcdir)/po/*.po) ; $(INTLTOOL_V_MERGE)LC_ALL=C $(INTLTOOL_MERGE) $(INTLTOOL_V_MERGE_OPTIONS) -d -u -c $(top_builddir)/po/.intltool-merge-cache $(top_srcdir)/po $< $@'
INTLTOOL_THEME_RULE='%.theme:     %.theme.in     $(INTLTOOL_MERGE) $(wildcard $(top_srcdir)/po/*.po) ; $(INTLTOOL_V_MERGE)LC_ALL=C $(INTLTOOL_MERGE) $(INTLTOOL_V_MERGE_OPTIONS) -d -u -c $(top_builddir)/po/.intltool-merge-cache $(top_srcdir)/po $< $@'
INTLTOOL_UI_RULE='%.ui:        %.ui.in        $(INTLTOOL_MERGE) $(wildcard $(top_srcdir)/po/*.po) ; $(INTLTOOL_V_MERGE)LC_ALL=C $(INTLTOOL_MERGE) $(INTLTOOL_V_MERGE_OPTIONS) -x -u -c $(top_builddir)/po/.intltool-merge-cache $(top_srcdir)/po $< $@'
INTLTOOL_UPDATE='/usr/bin/intltool-update'
INTLTOOL_V_MERGE='$(INTLTOOL__v_MERGE_$(V))'
INTLTOOL_V_MERGE_OPTIONS='$(intltool__v_merge_options_$(V))'
INTLTOOL_XAM_RULE='%.xam:       %.xml.in       $(INTLTOOL_MERGE) $(wildcard $(top_srcdir)/po/*.po) ; $(INTLTOOL_V_MERGE)LC_ALL=C $(INTLTOOL_MERGE) $(INTLTOOL_V_MERGE_OPTIONS) -x -u -c $(top_builddir)/po/.intltool-merge-cache $(top_srcdir)/po $< $@'
INTLTOOL_XML_NOMERGE_RULE='%.xml:       %.xml.in       $(INTLTOOL_MERGE) ; $(INTLTOOL_V_MERGE)LC_ALL=C $(INTLTOOL_MERGE) $(INTLTOOL_V_MERGE_OPTIONS) -x -u --no-translations $< $@'
INTLTOOL_XML_RULE='%.xml:       %.xml.in       $(INTLTOOL_MERGE) $(wildcard $(top_srcdir)/po/*.po) ; $(INTLTOOL_V_MERGE)LC_ALL=C $(INTLTOOL_MERGE) $(INTLTOOL_V_MERGE_OPTIONS) -x -u -c $(top_builddir)/po/.intltool-merge-cache $(top_srcdir)/po $< $@'
INTLTOOL__v_MERGE_0='@echo "  ITMRG " $@;'
INTLTOOL__v_MERGE_='$(INTLTOOL__v_MERGE_$(AM_DEFAULT_VERBOSITY))'
INTROSPECTION_CFLAGS=''
INTROSPECTION_COMPILER=''
INTROSPECTION_GENERATE=''
INTROSPECTION_GIRDIR=''
INTROSPECTION_LIBS=''
INTROSPECTION_MAKEFILE=''
INTROSPECTION_SCANNER=''
INTROSPECTION_TYPELIBDIR=''
IS_WIN32_FALSE=''
IS_WIN32_TRUE='#'
JSON_CFLAGS=''
JSON_LIBS=''
KDE4_CONFIG=''
KRB4_CFLAGS=''
KRB4_LDFLAGS=''
KRB4_LIBS=''
KWALLET_CXXFLAGS=''
KWALLET_LIBS=''
LD='/usr/lib/hardening-wrapper/bin/ld -m elf_x86_64'
LDADD=''
LDFLAGS=''
LIBGADU_CFLAGS=''
LIBGADU_LIBS=''
LIBOBJS=''
LIBS='-lm -lnsl -lresolv '
LIBTOOL='$(SHELL) $(top_builddir)/libtool'
LIBXML_CFLAGS=''
LIBXML_LIBS=''
LIPO=''
LN_S='ln -s'
LTLIBOBJS=''
LT_SYS_LIBRARY_PATH=''
MAKEINFO='${SHELL} /latte/pid/pidgin/missing makeinfo'
MANIFEST_TOOL=':'
MEANWHILE_CFLAGS=''
MEANWHILE_LIBS=''
MKDIR_P='/usr/bin/mkdir -p'
MKINSTALLDIRS='./mkinstalldirs'
MOC=''
MSGFMT='/usr/bin/msgfmt'
MSGFMT_OPTS='-c'
MSGMERGE='/usr/bin/msgmerge'
NM='/usr/bin/nm -B'
NMEDIT=''
NSS_CFLAGS=''
NSS_LIBS=''
OBJDUMP='objdump'
OBJEXT='o'
OTOOL64=''
OTOOL=''
PACKAGE='pidgin'
PACKAGE_BUGREPORT='devel@pidgin.im'
PACKAGE_NAME='pidgin'
PACKAGE_STRING='pidgin 3.0.0devel'
PACKAGE_TARNAME='pidgin'
PACKAGE_URL=''
PACKAGE_VERSION='3.0.0devel'
PANGO_CFLAGS='-I/usr/include/pango-1.0 -I/usr/include/glib-2.0 -I/usr/lib/glib-2.0/include'
PANGO_LIBS='-lpango-1.0 -lgobject-2.0 -lglib-2.0'
PATH_SEPARATOR=':'
PIDGIN_LIBS='$(top_builddir)/pidgin/libpidgin.la $(GTK_LIBS) $(PURPLE_LIBS)'
PIDGIN_PLUGINDIR='$(libdir)/pidgin-3'
PKG_CONFIG='/usr/bin/pkg-config'
PKG_CONFIG_LIBDIR=''
PKG_CONFIG_PATH=''
PLUGINS_DEFINE=''
PLUGINS_FALSE=''
PLUGINS_TRUE=''
PLUGIN_LDFLAGS='-avoid-version'
POFILES=' af.po am.po ar.po as.po ast.po az.po be@latin.po bg.po bn_IN.po bn.po br.po brx.po bs.po ca.po ca@valencia.po cs.po da.po de.po dz.po el.po en_AU.po en_CA.po en_GB.po eo.po es_AR.po es.po et.po eu.po fa.po fi.po fr.po ga.po gl.po gu.po he.po hi.po hr.po hu.po id.po it.po ja.po ka.po kk.po km.po kn.po ko.po ks.po ku_IQ.po ku.po lt.po lv.po mai.po mhr.po mk.po ml.po mn.po mr.po ms_MY.po my_MM.po nb.po ne.po nl.po nn.po oc.po or.po pa.po pl.po ps.po pt_BR.po pt.po ro.po ru.po sd.po si.po sk.po sl.po sq.po sr@latin.po sr.po sv.po sw.po ta.po te.po th.po tr.po tt.po uk.po ur.po uz.po vi.po xh.po zh_CN.po zh_HK.po zh_TW.po'
POSUB='po'
PO_IN_DATADIR_FALSE=''
PO_IN_DATADIR_TRUE=''
PURPLE_API_VERSION='20'
PURPLE_AVAILABLE_FALSE=''
PURPLE_AVAILABLE_TRUE=''
PURPLE_LIBS='$(top_builddir)/libpurple/libpurple.la $(GLIB_LIBS) $(GPLUGIN_LIBS)'
PURPLE_LT_VERSION_INFO='20:0:0'
PURPLE_MAJOR_VERSION='3'
PURPLE_MICRO_VERSION='0'
PURPLE_MINOR_VERSION='0'
PURPLE_PLUGINDIR='$(libdir)/purple-3'
PURPLE_VERSION='3.0.0devel'
PYTHON=''
PY_CFLAGS=''
PY_LIBS=''
QT4_CFLAGS=''
QT4_LIBS=''
RANLIB='ranlib'
SASL_LIBS=''
SECRETSERVICE_CFLAGS=''
SECRETSERVICE_LIBS=''
SED='/usr/bin/sed'
SET_MAKE=''
SHELL='/bin/sh'
SILC_CFLAGS=''
SILC_LIBS=''
SM_LIBS=''
SQLITE3_CFLAGS=''
SQLITE3_LIBS=''
SSL_CERTIFICATES_DIR=''
STATIC_BONJOUR_FALSE=''
STATIC_BONJOUR_TRUE=''
STATIC_FACEBOOK_FALSE=''
STATIC_FACEBOOK_TRUE=''
STATIC_GG_FALSE=''
STATIC_GG_TRUE=''
STATIC_IRC_FALSE=''
STATIC_IRC_TRUE=''
STATIC_JABBER_FALSE=''
STATIC_JABBER_TRUE=''
STATIC_LINK_LIBS=''
STATIC_MSN_FALSE=''
STATIC_MSN_TRUE=''
STATIC_MXIT_FALSE=''
STATIC_MXIT_TRUE=''
STATIC_NOVELL_FALSE=''
STATIC_NOVELL_TRUE=''
STATIC_OSCAR_FALSE=''
STATIC_OSCAR_TRUE=''
STATIC_PRPLS=''
STATIC_SAMETIME_FALSE=''
STATIC_SAMETIME_TRUE=''
STATIC_SILC_FALSE=''
STATIC_SILC_TRUE=''
STATIC_SIMPLE_FALSE=''
STATIC_SIMPLE_TRUE=''
STATIC_YAHOO_FALSE=''
STATIC_YAHOO_TRUE=''
STATIC_ZEPHYR_FALSE=''
STATIC_ZEPHYR_TRUE=''
STRIP='strip'
UNITY_CFLAGS=''
UNITY_LIBS=''
USES_MM_CHAT_SECTION=''
USE_CYRUS_SASL_FALSE=''
USE_CYRUS_SASL_TRUE=''
USE_GNUTLS_FALSE=''
USE_GNUTLS_TRUE=''
USE_NLS='yes'
USE_NSS_FALSE=''
USE_NSS_TRUE=''
USE_VV_FALSE=''
USE_VV_TRUE=''
VERSION='3.0.0devel'
WINDRES=''
X11_CFLAGS=''
X11_LIBS=''
XGETTEXT='/usr/bin/xgettext'
XMKMF=''
XSS_LIBS=''
X_CFLAGS=''
X_EXTRA_LIBS=''
X_LIBS=''
X_PRE_LIBS=' -lSM -lICE'
ZEPHYR_CFLAGS=''
ZEPHYR_LDFLAGS=''
ZEPHYR_LIBS=''
ZLIB_CFLAGS=''
ZLIB_LIBS=''
ac_ct_AR='ar'
ac_ct_CC='gcc'
ac_ct_CXX='g++'
ac_ct_DUMPBIN=''
am__EXEEXT_FALSE=''
am__EXEEXT_TRUE=''
am__fastdepCC_FALSE='#'
am__fastdepCC_TRUE=''
am__fastdepCXX_FALSE='#'
am__fastdepCXX_TRUE=''
am__include='include'
am__isrc=''
am__leading_dot='.'
am__nodep='_no'
am__quote=''
am__tar='$${TAR-tar} chof - "$$tardir"'
am__untar='$${TAR-tar} xf -'
bindir='${exec_prefix}/bin'
build='x86_64-unknown-linux-gnu'
build_alias=''
build_cpu='x86_64'
build_os='linux-gnu'
build_vendor='unknown'
common_libdir='/usr/local/lib'
datadir='${datarootdir}'
datarootdir='${prefix}/share'
docdir='${datarootdir}/doc/${PACKAGE_TARNAME}'
dvidir='${docdir}'
enable_dbus=''
exec_prefix='NONE'
host='x86_64-unknown-linux-gnu'
host_alias=''
host_cpu='x86_64'
host_os='linux-gnu'
host_vendor='unknown'
htmldir='${docdir}'
includedir='${prefix}/include'
infodir='${datarootdir}/info'
install_sh='${SHELL} /latte/pid/pidgin/install-sh'
installed_test_metadir=''
installed_testdir=''
intltool__v_merge_options_0='-q'
intltool__v_merge_options_='$(intltool__v_merge_options_$(AM_DEFAULT_VERBOSITY))'
libdir='${exec_prefix}/lib'
libexecdir='${exec_prefix}/libexec'
localedir='${datarootdir}/locale'
localstatedir='${prefix}/var'
mandir='${datarootdir}/man'
mkdir_p='$(MKDIR_P)'
oldincludedir='/usr/include'
pdfdir='${docdir}'
pidginpath=''
prefix='NONE'
program_transform_name='s,x,x,'
psdir='${docdir}'
purple_datadir='"/usr/local/share"'
purple_localedir='"/usr/local/share/locale"'
purple_sysconfdir='"/usr/local/etc"'
sbindir='${exec_prefix}/sbin'
sedpath='/usr/bin/sed'
sharedstatedir='${prefix}/com'
sysconfdir='${prefix}/etc'
target_alias=''
win32_fhs_bindir=''
win32_fhs_datadir=''
win32_fhs_libdir=''
win32_fhs_localedir=''
win32_fhs_sysconfdir=''
xxdpath=''

## ----------- ##
## confdefs.h. ##
## ----------- ##

/* confdefs.h */
#define PACKAGE_NAME "pidgin"
#define PACKAGE_TARNAME "pidgin"
#define PACKAGE_VERSION "3.0.0devel"
#define PACKAGE_STRING "pidgin 3.0.0devel"
#define PACKAGE_BUGREPORT "devel@pidgin.im"
#define PACKAGE_URL ""
#define PACKAGE "pidgin"
#define VERSION "3.0.0devel"
#define CONFIG_ARGS ""
#define STDC_HEADERS 1
#define HAVE_SYS_TYPES_H 1
#define HAVE_SYS_STAT_H 1
#define HAVE_STDLIB_H 1
#define HAVE_STRING_H 1
#define HAVE_MEMORY_H 1
#define HAVE_STRINGS_H 1
#define HAVE_INTTYPES_H 1
#define HAVE_STDINT_H 1
#define HAVE_UNISTD_H 1
#define HAVE_DLFCN_H 1
#define LT_OBJDIR ".libs/"
#define HAVE_ALLOCA_H 1
#define HAVE_ALLOCA 1
#define HAVE_SYS_WAIT_H 1
#define HAVE_FCNTL_H 1
#define HAVE_UNISTD_H 1
#define HAVE_STDINT_H 1
#define SIZEOF_TIME_T 8
#define PURPLE_DATADIR "/usr/local/share"
#define PURPLE_LIBDIR "/usr/local/lib/purple-3"
#define PIDGIN_LIBDIR "/usr/local/lib/pidgin-3"
#define FINCH_LIBDIR "/usr/local/lib/finch-3"
#define PURPLE_SYSCONFDIR "/usr/local/etc"
#define PURPLE_LOCALEDIR "/usr/local/share/locale"
#define HAVE_STRDUP 1
#define HAVE_GETOPT_LONG 1
#define HAVE_LIBRESOLV 1
#define HAVE_LIBNSL 1
#define HAVE_GETADDRINFO 1
#define HAVE_INET_NTOP 1
#define HAVE_GETIFADDRS 1
#define HAVE_IPV6_V6ONLY 1
#define HAVE_FILENO 1
#define HAVE_STRFTIME_Z_FORMAT 1
#define HAVE_LOCALE_H 1
#define HAVE_LC_MESSAGES 1
#define HAVE_BIND_TEXTDOMAIN_CODESET 1
#define HAVE_GETTEXT 1
#define HAVE_DCGETTEXT 1
#define ENABLE_NLS 1
#define DISPLAY_VERSION "3.0.0devel"
#define HAVE_PANGO14 1

configure: exit 1
